Attempt 1 failed for pau-minoves_jseats: mmdc compilation failed: 
Error: Lexical error on line 18. Unrecognized text.
...ocessing")        launcher --> process
---------------------^
Parser3.parseError (/opt/homebrew/lib/node_modules/@mermaid-js/mermaid-cli/node_modules/mermaid/dist/mermaid.js:1817:28)
    at #evaluate (file:///opt/homebrew/lib/node_modules/@mermaid-js/mermaid-cli/node_modules/puppeteer-core/lib/esm/puppeteer/cdp/ExecutionContext.js:388:19)
    at async ExecutionContext.evaluate (file:///opt/homebrew/lib/node_modules/@mermaid-js/mermaid-cli/node_modules/puppeteer-core/lib/esm/puppeteer/cdp/ExecutionContext.js:275:16)
    at async IsolatedWorld.evaluate (file:///opt/homebrew/lib/node_modules/@mermaid-js/mermaid-cli/node_modules/puppeteer-core/lib/esm/puppeteer/cdp/IsolatedWorld.js:97:16)
    at async CdpJSHandle.evaluate (file:///opt/homebrew/lib/node_modules/@mermaid-js/mermaid-cli/node_modules/puppeteer-core/lib/esm/puppeteer/api/JSHandle.js:146:20)
    at async CdpElementHandle.evaluate (file:///opt/homebrew/lib/node_modules/@mermaid-js/mermaid-cli/node_modules/puppeteer-core/lib/esm/puppeteer/api/ElementHandle.js:340:20)
    at async CdpElementHandle.$eval (file:///opt/homebrew/lib/node_modules/@mermaid-js/mermaid-cli/node_modules/puppeteer-core/lib/esm/puppeteer/api/ElementHandle.js:494:24)
    at async CdpFrame.$eval (file:///opt/homebrew/lib/node_modules/@mermaid-js/mermaid-cli/node_modules/puppeteer-core/lib/esm/puppeteer/api/Frame.js:450:20)
    at async CdpPage.$eval (file:///opt/homebrew/lib/node_modules/@mermaid-js/mermaid-cli/node_modules/puppeteer-core/lib/esm/puppeteer/api/Page.js:450:20)
    at async renderMermaid (file:///opt/homebrew/lib/node_modules/@mermaid-js/mermaid-cli/src/index.js:265:22)
    at fromText (/opt/homebrew/lib/node_modules/@mermaid-js/mermaid-cli/node_modules/mermaid/dist/mermaid.js:151317:21)


Successfully processed repo pau-minoves_jseats
Successfully processed repo kryptokrauts_ae-prediction-cards
Successfully processed repo hyeonsangjeon_youtube-dl-nas
Attempt 1 failed for lvyahui8_http-proxy: mmdc compilation failed: 
Error: Parse error on line 5:
...oxy functionality") {            Compon
-----------------------^
Expecting 'NEWLINE', 'EOF', 'RBRACE', got 'LBRACE'
Parser3.parseError (/opt/homebrew/lib/node_modules/@mermaid-js/mermaid-cli/node_modules/mermaid/dist/mermaid.js:1817:28)
    at #evaluate (file:///opt/homebrew/lib/node_modules/@mermaid-js/mermaid-cli/node_modules/puppeteer-core/lib/esm/puppeteer/cdp/ExecutionContext.js:388:19)
    at async ExecutionContext.evaluate (file:///opt/homebrew/lib/node_modules/@mermaid-js/mermaid-cli/node_modules/puppeteer-core/lib/esm/puppeteer/cdp/ExecutionContext.js:275:16)
    at async IsolatedWorld.evaluate (file:///opt/homebrew/lib/node_modules/@mermaid-js/mermaid-cli/node_modules/puppeteer-core/lib/esm/puppeteer/cdp/IsolatedWorld.js:97:16)
    at async CdpJSHandle.evaluate (file:///opt/homebrew/lib/node_modules/@mermaid-js/mermaid-cli/node_modules/puppeteer-core/lib/esm/puppeteer/api/JSHandle.js:146:20)
    at async CdpElementHandle.evaluate (file:///opt/homebrew/lib/node_modules/@mermaid-js/mermaid-cli/node_modules/puppeteer-core/lib/esm/puppeteer/api/ElementHandle.js:340:20)
    at async CdpElementHandle.$eval (file:///opt/homebrew/lib/node_modules/@mermaid-js/mermaid-cli/node_modules/puppeteer-core/lib/esm/puppeteer/api/ElementHandle.js:494:24)
    at async CdpFrame.$eval (file:///opt/homebrew/lib/node_modules/@mermaid-js/mermaid-cli/node_modules/puppeteer-core/lib/esm/puppeteer/api/Frame.js:450:20)
    at async CdpPage.$eval (file:///opt/homebrew/lib/node_modules/@mermaid-js/mermaid-cli/node_modules/puppeteer-core/lib/esm/puppeteer/api/Page.js:450:20)
    at async renderMermaid (file:///opt/homebrew/lib/node_modules/@mermaid-js/mermaid-cli/src/index.js:265:22)
    at fromText (/opt/homebrew/lib/node_modules/@mermaid-js/mermaid-cli/node_modules/mermaid/dist/mermaid.js:151317:21)


Successfully processed repo lvyahui8_http-proxy
Successfully processed repo domingo1021_Bunny-code
