Successfully processed repo pau-minoves_jseats
PlantUML diagram generated at zeroShot_gpt_box_plantumlcode/pau-minoves_jseats.puml
Successfully processed repo kryptokrauts_ae-prediction-cards
PlantUML diagram generated at zeroShot_gpt_box_plantumlcode/kryptokrauts_ae-prediction-cards.puml
Successfully processed repo hyeonsangjeon_youtube-dl-nas
PlantUML diagram generated at zeroShot_gpt_box_plantumlcode/hyeonsangjeon_youtube-dl-nas.puml
Successfully processed repo lvyahui8_http-proxy
PlantUML diagram generated at zeroShot_gpt_box_plantumlcode/lvyahui8_http-proxy.puml
Attempt 1: Error in generating PlantUML for domingo1021_Bunny-code
Error message: issue raw.githubusercontent.com java.util.concurrent.ExecutionException: java.io.IOException: HTTP error 404 with 404: Not Found
Error line 4 in file: zeroShot_gpt_box_plantumlcode/domingo1021_Bunny-code.puml
Some diagram description contains errors

Successfully processed repo domingo1021_Bunny-code
PlantUML diagram generated at zeroShot_gpt_box_plantumlcode/domingo1021_Bunny-code.puml
Attempt 1: Error in generating PlantUML for adityajain10_foot365-live-streaming-chatbot-prediction-app-on-aws
Error message: java.io.IOException: Stream closed
	at java.base/java.io.BufferedInputStream.getInIfOpen(BufferedInputStream.java:170)
	at java.base/java.io.BufferedInputStream.read1(BufferedInputStream.java:328)
	at java.base/java.io.BufferedInputStream.read(BufferedInputStream.java:388)
	at java.base/java.io.FilterInputStream.read(FilterInputStream.java:95)
	at net.sourceforge.plantuml.FileUtils.copyInternal(FileUtils.java:81)
	at net.sourceforge.plantuml.FileUtils.copyToByteArray(FileUtils.java:181)
	at net.sourceforge.plantuml.preproc2.PreprocessorUtils.getStdlibInputStream(PreprocessorUtils.java:108)
	at net.sourceforge.plantuml.preproc2.PreprocessorUtils.getReaderStdlibInclude(PreprocessorUtils.java:133)
	at net.sourceforge.plantuml.tim.TContext.executeInclude(TContext.java:786)
	at net.sourceforge.plantuml.tim.TContext.executeOneLineNotSafe(TContext.java:385)
	at net.sourceforge.plantuml.tim.TContext.executeOneLineSafe(TContext.java:365)
	at net.sourceforge.plantuml.tim.TContext.executeLines(TContext.java:339)
	at net.sourceforge.plantuml.tim.TimLoader.load(TimLoader.java:70)
	at net.sourceforge.plantuml.BlockUml.<init>(BlockUml.java:147)
	at net.sourceforge.plantuml.BlockUmlBuilder.<init>(BlockUmlBuilder.java:134)
	at net.sourceforge.plantuml.SourceFileReaderAbstract.<init>(SourceFileReaderAbstract.java:102)
	at net.sourceforge.plantuml.SourceFileReader.<init>(SourceFileReader.java:77)
	at net.sourceforge.plantuml.Run.manageFileInternal(Run.java:495)
	at net.sourceforge.plantuml.Run.processArgs(Run.java:420)
	at net.sourceforge.plantuml.Run.manageAllFiles(Run.java:387)
	at net.sourceforge.plantuml.Run.main(Run.java:222)
Error line 3 in file: zeroShot_gpt_box_plantumlcode/adityajain10_foot365-live-streaming-chatbot-prediction-app-on-aws.puml
Some diagram description contains errors

Successfully processed repo adityajain10_foot365-live-streaming-chatbot-prediction-app-on-aws
PlantUML diagram generated at zeroShot_gpt_box_plantumlcode/adityajain10_foot365-live-streaming-chatbot-prediction-app-on-aws.puml
Successfully processed repo gdsc-ys_mlops
PlantUML diagram generated at zeroShot_gpt_box_plantumlcode/gdsc-ys_mlops.puml
Successfully processed repo krishnaprasadkv_Linux-Commands
PlantUML diagram generated at zeroShot_gpt_box_plantumlcode/krishnaprasadkv_Linux-Commands.puml
Successfully processed repo Simon-0711_ta_lyrics_sentiment_classification
PlantUML diagram generated at zeroShot_gpt_box_plantumlcode/Simon-0711_ta_lyrics_sentiment_classification.puml
Successfully processed repo imamabdulazis_FlutterCleanArchitecture
PlantUML diagram generated at zeroShot_gpt_box_plantumlcode/imamabdulazis_FlutterCleanArchitecture.puml
Successfully processed repo 2WAY_Design
PlantUML diagram generated at zeroShot_gpt_box_plantumlcode/2WAY_Design.puml
Successfully processed repo pau-minoves_jseats
PlantUML diagram generated at zeroShot_gpt_box_plantumlcode/pau-minoves_jseats.puml
Attempt 1: Error in generating PlantUML for kryptokrauts_ae-prediction-cards
Error message: Error line 28 in file: zeroShot_gpt_box_plantumlcode/kryptokrauts_ae-prediction-cards.puml
Some diagram description contains errors

Successfully processed repo kryptokrauts_ae-prediction-cards
PlantUML diagram generated at zeroShot_gpt_box_plantumlcode/kryptokrauts_ae-prediction-cards.puml
Successfully processed repo hyeonsangjeon_youtube-dl-nas
PlantUML diagram generated at zeroShot_gpt_box_plantumlcode/hyeonsangjeon_youtube-dl-nas.puml
Successfully processed repo lvyahui8_http-proxy
PlantUML diagram generated at zeroShot_gpt_box_plantumlcode/lvyahui8_http-proxy.puml
Successfully processed repo domingo1021_Bunny-code
PlantUML diagram generated at zeroShot_gpt_box_plantumlcode/domingo1021_Bunny-code.puml
Successfully processed repo adityajain10_foot365-live-streaming-chatbot-prediction-app-on-aws
PlantUML diagram generated at zeroShot_gpt_box_plantumlcode/adityajain10_foot365-live-streaming-chatbot-prediction-app-on-aws.puml
Successfully processed repo pau-minoves_jseats
PlantUML diagram generated at zeroShot_gpt_box_plantumlcode/pau-minoves_jseats.puml
Attempt 1: Error in generating PlantUML for kryptokrauts_ae-prediction-cards
Error message: Error line 43 in file: zeroShot_gpt_box_plantumlcode/kryptokrauts_ae-prediction-cards.puml
Some diagram description contains errors

Successfully processed repo kryptokrauts_ae-prediction-cards
PlantUML diagram generated at zeroShot_gpt_box_plantumlcode/kryptokrauts_ae-prediction-cards.puml
Successfully processed repo hyeonsangjeon_youtube-dl-nas
PlantUML diagram generated at zeroShot_gpt_box_plantumlcode/hyeonsangjeon_youtube-dl-nas.puml
Attempt 1: Error in generating PlantUML for lvyahui8_http-proxy
Error message: Error line 31 in file: zeroShot_gpt_box_plantumlcode/lvyahui8_http-proxy.puml
Some diagram description contains errors

Attempt 2: Error in generating PlantUML for lvyahui8_http-proxy
Error message: Error line 21 in file: zeroShot_gpt_box_plantumlcode/lvyahui8_http-proxy.puml
Some diagram description contains errors

Attempt 3: Error in generating PlantUML for lvyahui8_http-proxy
Error message: Error line 22 in file: zeroShot_gpt_box_plantumlcode/lvyahui8_http-proxy.puml
Some diagram description contains errors

Failed to generate valid PlantUML for lvyahui8_http-proxy after 3 attempts
Attempt 1: Error in generating PlantUML for domingo1021_Bunny-code
Error message: issue raw.githubusercontent.com java.util.concurrent.ExecutionException: java.io.IOException: HTTP error 404 with 404: Not Found
Error line 3 in file: zeroShot_gpt_box_plantumlcode/domingo1021_Bunny-code.puml
Some diagram description contains errors

Attempt 2: Error in generating PlantUML for domingo1021_Bunny-code
Error message: issue raw.githubusercontent.com java.util.concurrent.ExecutionException: java.io.IOException: HTTP error 404 with 404: Not Found
Error line 4 in file: zeroShot_gpt_box_plantumlcode/domingo1021_Bunny-code.puml
Some diagram description contains errors

Attempt 3: Error in generating PlantUML for domingo1021_Bunny-code
Error message: issue raw.githubusercontent.com java.util.concurrent.ExecutionException: java.io.IOException: HTTP error 404 with 404: Not Found
Error line 4 in file: zeroShot_gpt_box_plantumlcode/domingo1021_Bunny-code.puml
Some diagram description contains errors

Failed to generate valid PlantUML for domingo1021_Bunny-code after 3 attempts
Attempt 1: Error in generating PlantUML for adityajain10_foot365-live-streaming-chatbot-prediction-app-on-aws
Error message: java.io.IOException: Stream closed
	at java.base/java.io.BufferedInputStream.getInIfOpen(BufferedInputStream.java:170)
	at java.base/java.io.BufferedInputStream.read1(BufferedInputStream.java:328)
	at java.base/java.io.BufferedInputStream.read(BufferedInputStream.java:388)
	at java.base/java.io.FilterInputStream.read(FilterInputStream.java:95)
	at net.sourceforge.plantuml.FileUtils.copyInternal(FileUtils.java:81)
	at net.sourceforge.plantuml.FileUtils.copyToByteArray(FileUtils.java:181)
	at net.sourceforge.plantuml.preproc2.PreprocessorUtils.getStdlibInputStream(PreprocessorUtils.java:108)
	at net.sourceforge.plantuml.preproc2.PreprocessorUtils.getReaderStdlibInclude(PreprocessorUtils.java:133)
	at net.sourceforge.plantuml.tim.TContext.executeInclude(TContext.java:786)
	at net.sourceforge.plantuml.tim.TContext.executeOneLineNotSafe(TContext.java:385)
	at net.sourceforge.plantuml.tim.TContext.executeOneLineSafe(TContext.java:365)
	at net.sourceforge.plantuml.tim.TContext.executeLines(TContext.java:339)
	at net.sourceforge.plantuml.tim.TimLoader.load(TimLoader.java:70)
	at net.sourceforge.plantuml.BlockUml.<init>(BlockUml.java:147)
	at net.sourceforge.plantuml.BlockUmlBuilder.<init>(BlockUmlBuilder.java:134)
	at net.sourceforge.plantuml.SourceFileReaderAbstract.<init>(SourceFileReaderAbstract.java:102)
	at net.sourceforge.plantuml.SourceFileReader.<init>(SourceFileReader.java:77)
	at net.sourceforge.plantuml.Run.manageFileInternal(Run.java:495)
	at net.sourceforge.plantuml.Run.processArgs(Run.java:420)
	at net.sourceforge.plantuml.Run.manageAllFiles(Run.java:387)
	at net.sourceforge.plantuml.Run.main(Run.java:222)
Error line 2 in file: zeroShot_gpt_box_plantumlcode/adityajain10_foot365-live-streaming-chatbot-prediction-app-on-aws.puml
Some diagram description contains errors

Attempt 2: Error in generating PlantUML for adityajain10_foot365-live-streaming-chatbot-prediction-app-on-aws
Error message: java.io.IOException: Stream closed
	at java.base/java.io.BufferedInputStream.getInIfOpen(BufferedInputStream.java:170)
	at java.base/java.io.BufferedInputStream.read1(BufferedInputStream.java:328)
	at java.base/java.io.BufferedInputStream.read(BufferedInputStream.java:388)
	at java.base/java.io.FilterInputStream.read(FilterInputStream.java:95)
	at net.sourceforge.plantuml.FileUtils.copyInternal(FileUtils.java:81)
	at net.sourceforge.plantuml.FileUtils.copyToByteArray(FileUtils.java:181)
	at net.sourceforge.plantuml.preproc2.PreprocessorUtils.getStdlibInputStream(PreprocessorUtils.java:108)
	at net.sourceforge.plantuml.preproc2.PreprocessorUtils.getReaderStdlibInclude(PreprocessorUtils.java:133)
	at net.sourceforge.plantuml.tim.TContext.executeInclude(TContext.java:786)
	at net.sourceforge.plantuml.tim.TContext.executeOneLineNotSafe(TContext.java:385)
	at net.sourceforge.plantuml.tim.TContext.executeOneLineSafe(TContext.java:365)
	at net.sourceforge.plantuml.tim.TContext.executeLines(TContext.java:339)
	at net.sourceforge.plantuml.tim.TimLoader.load(TimLoader.java:70)
	at net.sourceforge.plantuml.BlockUml.<init>(BlockUml.java:147)
	at net.sourceforge.plantuml.BlockUmlBuilder.<init>(BlockUmlBuilder.java:134)
	at net.sourceforge.plantuml.SourceFileReaderAbstract.<init>(SourceFileReaderAbstract.java:102)
	at net.sourceforge.plantuml.SourceFileReader.<init>(SourceFileReader.java:77)
	at net.sourceforge.plantuml.Run.manageFileInternal(Run.java:495)
	at net.sourceforge.plantuml.Run.processArgs(Run.java:420)
	at net.sourceforge.plantuml.Run.manageAllFiles(Run.java:387)
	at net.sourceforge.plantuml.Run.main(Run.java:222)
Error line 2 in file: zeroShot_gpt_box_plantumlcode/adityajain10_foot365-live-streaming-chatbot-prediction-app-on-aws.puml
Some diagram description contains errors

Attempt 3: Error in generating PlantUML for adityajain10_foot365-live-streaming-chatbot-prediction-app-on-aws
Error message: java.io.IOException: Stream closed
	at java.base/java.io.BufferedInputStream.getInIfOpen(BufferedInputStream.java:170)
	at java.base/java.io.BufferedInputStream.read1(BufferedInputStream.java:328)
	at java.base/java.io.BufferedInputStream.read(BufferedInputStream.java:388)
	at java.base/java.io.FilterInputStream.read(FilterInputStream.java:95)
	at net.sourceforge.plantuml.FileUtils.copyInternal(FileUtils.java:81)
	at net.sourceforge.plantuml.FileUtils.copyToByteArray(FileUtils.java:181)
	at net.sourceforge.plantuml.preproc2.PreprocessorUtils.getStdlibInputStream(PreprocessorUtils.java:108)
	at net.sourceforge.plantuml.preproc2.PreprocessorUtils.getReaderStdlibInclude(PreprocessorUtils.java:133)
	at net.sourceforge.plantuml.tim.TContext.executeInclude(TContext.java:786)
	at net.sourceforge.plantuml.tim.TContext.executeOneLineNotSafe(TContext.java:385)
	at net.sourceforge.plantuml.tim.TContext.executeOneLineSafe(TContext.java:365)
	at net.sourceforge.plantuml.tim.TContext.executeLines(TContext.java:339)
	at net.sourceforge.plantuml.tim.TimLoader.load(TimLoader.java:70)
	at net.sourceforge.plantuml.BlockUml.<init>(BlockUml.java:147)
	at net.sourceforge.plantuml.BlockUmlBuilder.<init>(BlockUmlBuilder.java:134)
	at net.sourceforge.plantuml.SourceFileReaderAbstract.<init>(SourceFileReaderAbstract.java:102)
	at net.sourceforge.plantuml.SourceFileReader.<init>(SourceFileReader.java:77)
	at net.sourceforge.plantuml.Run.manageFileInternal(Run.java:495)
	at net.sourceforge.plantuml.Run.processArgs(Run.java:420)
	at net.sourceforge.plantuml.Run.manageAllFiles(Run.java:387)
	at net.sourceforge.plantuml.Run.main(Run.java:222)
Error line 2 in file: zeroShot_gpt_box_plantumlcode/adityajain10_foot365-live-streaming-chatbot-prediction-app-on-aws.puml
Some diagram description contains errors

Failed to generate valid PlantUML for adityajain10_foot365-live-streaming-chatbot-prediction-app-on-aws after 3 attempts
Attempt 1: Error in generating PlantUML for pau-minoves_jseats
Error message: No file generated by PlantUML.
Attempt 2: Error in generating PlantUML for pau-minoves_jseats
Error message: No file generated by PlantUML.
Attempt 3: Error in generating PlantUML for pau-minoves_jseats
Error message: No file generated by PlantUML.
Failed to generate valid PlantUML for pau-minoves_jseats after 3 attempts
Attempt 1: Error in generating PlantUML for kryptokrauts_ae-prediction-cards
Error message: No file generated by PlantUML.
Attempt 2: Error in generating PlantUML for kryptokrauts_ae-prediction-cards
Error message: No file generated by PlantUML.
Attempt 3: Error in generating PlantUML for kryptokrauts_ae-prediction-cards
Error message: No file generated by PlantUML.
Failed to generate valid PlantUML for kryptokrauts_ae-prediction-cards after 3 attempts
Attempt 1: Error in generating PlantUML for hyeonsangjeon_youtube-dl-nas
Error message: No file generated by PlantUML.
Attempt 2: Error in generating PlantUML for hyeonsangjeon_youtube-dl-nas
Error message: No file generated by PlantUML.
Attempt 3: Error in generating PlantUML for hyeonsangjeon_youtube-dl-nas
Error message: No file generated by PlantUML.
Failed to generate valid PlantUML for hyeonsangjeon_youtube-dl-nas after 3 attempts
Attempt 1: Error in generating PlantUML for lvyahui8_http-proxy
Error message: No file generated by PlantUML.
Attempt 2: Error in generating PlantUML for lvyahui8_http-proxy
Error message: No file generated by PlantUML.
Attempt 3: Error in generating PlantUML for lvyahui8_http-proxy
Error message: No file generated by PlantUML.
Failed to generate valid PlantUML for lvyahui8_http-proxy after 3 attempts
Attempt 1: Error in generating PlantUML for domingo1021_Bunny-code
Error message: No file generated by PlantUML.
Attempt 2: Error in generating PlantUML for domingo1021_Bunny-code
Error message: No file generated by PlantUML.
Attempt 3: Error in generating PlantUML for domingo1021_Bunny-code
Error message: No file generated by PlantUML.
Failed to generate valid PlantUML for domingo1021_Bunny-code after 3 attempts
Attempt 1: Error in generating PlantUML for adityajain10_foot365-live-streaming-chatbot-prediction-app-on-aws
Error message: No file generated by PlantUML.
Attempt 2: Error in generating PlantUML for adityajain10_foot365-live-streaming-chatbot-prediction-app-on-aws
Error message: No file generated by PlantUML.
Attempt 3: Error in generating PlantUML for adityajain10_foot365-live-streaming-chatbot-prediction-app-on-aws
Error message: No file generated by PlantUML.
Failed to generate valid PlantUML for adityajain10_foot365-live-streaming-chatbot-prediction-app-on-aws after 3 attempts
Successfully processed repo pau-minoves_jseats
PlantUML diagram generated at zeroShot_gpt_box_plantumlcode/pau-minoves_jseats.puml
Successfully processed repo kryptokrauts_ae-prediction-cards
PlantUML diagram generated at zeroShot_gpt_box_plantumlcode/kryptokrauts_ae-prediction-cards.puml
Successfully processed repo hyeonsangjeon_youtube-dl-nas
PlantUML diagram generated at zeroShot_gpt_box_plantumlcode/hyeonsangjeon_youtube-dl-nas.puml
Successfully processed repo lvyahui8_http-proxy
PlantUML diagram generated at zeroShot_gpt_box_plantumlcode/lvyahui8_http-proxy.puml
Attempt 1: Error in generating PlantUML for domingo1021_Bunny-code
Error message: java.io.IOException: Stream closed
	at java.base/java.io.BufferedInputStream.getInIfOpen(BufferedInputStream.java:170)
	at java.base/java.io.BufferedInputStream.read1(BufferedInputStream.java:328)
	at java.base/java.io.BufferedInputStream.read(BufferedInputStream.java:388)
	at java.base/java.io.FilterInputStream.read(FilterInputStream.java:95)
	at net.sourceforge.plantuml.FileUtils.copyInternal(FileUtils.java:81)
	at net.sourceforge.plantuml.FileUtils.copyToByteArray(FileUtils.java:181)
	at net.sourceforge.plantuml.preproc2.PreprocessorUtils.getStdlibInputStream(PreprocessorUtils.java:108)
	at net.sourceforge.plantuml.preproc2.PreprocessorUtils.getReaderStdlibInclude(PreprocessorUtils.java:133)
	at net.sourceforge.plantuml.tim.TContext.executeInclude(TContext.java:786)
	at net.sourceforge.plantuml.tim.TContext.executeOneLineNotSafe(TContext.java:385)
	at net.sourceforge.plantuml.tim.TContext.executeOneLineSafe(TContext.java:365)
	at net.sourceforge.plantuml.tim.TContext.executeLines(TContext.java:339)
	at net.sourceforge.plantuml.tim.TimLoader.load(TimLoader.java:70)
	at net.sourceforge.plantuml.BlockUml.<init>(BlockUml.java:147)
	at net.sourceforge.plantuml.BlockUmlBuilder.<init>(BlockUmlBuilder.java:134)
	at net.sourceforge.plantuml.SourceFileReaderAbstract.<init>(SourceFileReaderAbstract.java:102)
	at net.sourceforge.plantuml.SourceFileReader.<init>(SourceFileReader.java:77)
	at net.sourceforge.plantuml.Run.manageFileInternal(Run.java:495)
	at net.sourceforge.plantuml.Run.processArgs(Run.java:420)
	at net.sourceforge.plantuml.Run.manageAllFiles(Run.java:387)
	at net.sourceforge.plantuml.Run.main(Run.java:222)
Error line 2 in file: zeroShot_gpt_box_plantumlcode/domingo1021_Bunny-code.puml
Some diagram description contains errors

Successfully processed repo domingo1021_Bunny-code
PlantUML diagram generated at zeroShot_gpt_box_plantumlcode/domingo1021_Bunny-code.puml
Successfully processed repo adityajain10_foot365-live-streaming-chatbot-prediction-app-on-aws
PlantUML diagram generated at zeroShot_gpt_box_plantumlcode/adityajain10_foot365-live-streaming-chatbot-prediction-app-on-aws.puml
Attempt 1: Error in generating PlantUML for pau-minoves_jseats
Error message: Error line 4 in file: zeroShot_gpt_box_plantumlcode/pau-minoves_jseats.puml
Some diagram description contains errors

Attempt 2: Error in generating PlantUML for pau-minoves_jseats
Error message: Error line 4 in file: zeroShot_gpt_box_plantumlcode/pau-minoves_jseats.puml
Some diagram description contains errors

Attempt 3: Error in generating PlantUML for pau-minoves_jseats
Error message: Error line 4 in file: zeroShot_gpt_box_plantumlcode/pau-minoves_jseats.puml
Some diagram description contains errors

Failed to generate valid PlantUML for pau-minoves_jseats after 3 attempts
Successfully processed repo kryptokrauts_ae-prediction-cards
PlantUML diagram generated at zeroShot_gpt_box_plantumlcode/kryptokrauts_ae-prediction-cards.puml
Successfully processed repo hyeonsangjeon_youtube-dl-nas
PlantUML diagram generated at zeroShot_gpt_box_plantumlcode/hyeonsangjeon_youtube-dl-nas.puml
Successfully processed repo lvyahui8_http-proxy
PlantUML diagram generated at zeroShot_gpt_box_plantumlcode/lvyahui8_http-proxy.puml
Attempt 1: Error in generating PlantUML for domingo1021_Bunny-code
Error message: issue raw.githubusercontent.com java.util.concurrent.ExecutionException: java.io.IOException: HTTP error 404 with 404: Not Found
Error line 3 in file: zeroShot_gpt_box_plantumlcode/domingo1021_Bunny-code.puml
Some diagram description contains errors

Attempt 2: Error in generating PlantUML for domingo1021_Bunny-code
Error message: issue raw.githubusercontent.com java.util.concurrent.ExecutionException: java.io.IOException: HTTP error 404 with 404: Not Found
Error line 3 in file: zeroShot_gpt_box_plantumlcode/domingo1021_Bunny-code.puml
Some diagram description contains errors

Attempt 3: Error in generating PlantUML for domingo1021_Bunny-code
Error message: Error line 31 in file: zeroShot_gpt_box_plantumlcode/domingo1021_Bunny-code.puml
Some diagram description contains errors

Failed to generate valid PlantUML for domingo1021_Bunny-code after 3 attempts
Attempt 1: Error in generating PlantUML for adityajain10_foot365-live-streaming-chatbot-prediction-app-on-aws
Error message: java.io.IOException: Stream closed
	at java.base/java.io.BufferedInputStream.getInIfOpen(BufferedInputStream.java:170)
	at java.base/java.io.BufferedInputStream.read1(BufferedInputStream.java:328)
	at java.base/java.io.BufferedInputStream.read(BufferedInputStream.java:388)
	at java.base/java.io.FilterInputStream.read(FilterInputStream.java:95)
	at net.sourceforge.plantuml.FileUtils.copyInternal(FileUtils.java:81)
	at net.sourceforge.plantuml.FileUtils.copyToByteArray(FileUtils.java:181)
	at net.sourceforge.plantuml.preproc2.PreprocessorUtils.getStdlibInputStream(PreprocessorUtils.java:108)
	at net.sourceforge.plantuml.preproc2.PreprocessorUtils.getReaderStdlibInclude(PreprocessorUtils.java:133)
	at net.sourceforge.plantuml.tim.TContext.executeInclude(TContext.java:786)
	at net.sourceforge.plantuml.tim.TContext.executeOneLineNotSafe(TContext.java:385)
	at net.sourceforge.plantuml.tim.TContext.executeOneLineSafe(TContext.java:365)
	at net.sourceforge.plantuml.tim.TContext.executeLines(TContext.java:339)
	at net.sourceforge.plantuml.tim.TimLoader.load(TimLoader.java:70)
	at net.sourceforge.plantuml.BlockUml.<init>(BlockUml.java:147)
	at net.sourceforge.plantuml.BlockUmlBuilder.<init>(BlockUmlBuilder.java:134)
	at net.sourceforge.plantuml.SourceFileReaderAbstract.<init>(SourceFileReaderAbstract.java:102)
	at net.sourceforge.plantuml.SourceFileReader.<init>(SourceFileReader.java:77)
	at net.sourceforge.plantuml.Run.manageFileInternal(Run.java:495)
	at net.sourceforge.plantuml.Run.processArgs(Run.java:420)
	at net.sourceforge.plantuml.Run.manageAllFiles(Run.java:387)
	at net.sourceforge.plantuml.Run.main(Run.java:222)
Error line 2 in file: zeroShot_gpt_box_plantumlcode/adityajain10_foot365-live-streaming-chatbot-prediction-app-on-aws.puml
Some diagram description contains errors

Attempt 2: Error in generating PlantUML for adityajain10_foot365-live-streaming-chatbot-prediction-app-on-aws
Error message: java.io.IOException: Stream closed
	at java.base/java.io.BufferedInputStream.getInIfOpen(BufferedInputStream.java:170)
	at java.base/java.io.BufferedInputStream.read1(BufferedInputStream.java:328)
	at java.base/java.io.BufferedInputStream.read(BufferedInputStream.java:388)
	at java.base/java.io.FilterInputStream.read(FilterInputStream.java:95)
	at net.sourceforge.plantuml.FileUtils.copyInternal(FileUtils.java:81)
	at net.sourceforge.plantuml.FileUtils.copyToByteArray(FileUtils.java:181)
	at net.sourceforge.plantuml.preproc2.PreprocessorUtils.getStdlibInputStream(PreprocessorUtils.java:108)
	at net.sourceforge.plantuml.preproc2.PreprocessorUtils.getReaderStdlibInclude(PreprocessorUtils.java:133)
	at net.sourceforge.plantuml.tim.TContext.executeInclude(TContext.java:786)
	at net.sourceforge.plantuml.tim.TContext.executeOneLineNotSafe(TContext.java:385)
	at net.sourceforge.plantuml.tim.TContext.executeOneLineSafe(TContext.java:365)
	at net.sourceforge.plantuml.tim.TContext.executeLines(TContext.java:339)
	at net.sourceforge.plantuml.tim.TimLoader.load(TimLoader.java:70)
	at net.sourceforge.plantuml.BlockUml.<init>(BlockUml.java:147)
	at net.sourceforge.plantuml.BlockUmlBuilder.<init>(BlockUmlBuilder.java:134)
	at net.sourceforge.plantuml.SourceFileReaderAbstract.<init>(SourceFileReaderAbstract.java:102)
	at net.sourceforge.plantuml.SourceFileReader.<init>(SourceFileReader.java:77)
	at net.sourceforge.plantuml.Run.manageFileInternal(Run.java:495)
	at net.sourceforge.plantuml.Run.processArgs(Run.java:420)
	at net.sourceforge.plantuml.Run.manageAllFiles(Run.java:387)
	at net.sourceforge.plantuml.Run.main(Run.java:222)
Error line 2 in file: zeroShot_gpt_box_plantumlcode/adityajain10_foot365-live-streaming-chatbot-prediction-app-on-aws.puml
Some diagram description contains errors

Attempt 3: Error in generating PlantUML for adityajain10_foot365-live-streaming-chatbot-prediction-app-on-aws
Error message: issue raw.githubusercontent.com java.util.concurrent.ExecutionException: java.io.IOException: HTTP error 404 with 404: Not Found
Error line 6 in file: zeroShot_gpt_box_plantumlcode/adityajain10_foot365-live-streaming-chatbot-prediction-app-on-aws.puml
Some diagram description contains errors

Failed to generate valid PlantUML for adityajain10_foot365-live-streaming-chatbot-prediction-app-on-aws after 3 attempts
Successfully processed repo pau-minoves_jseats
PlantUML diagram generated at zeroShot_gpt_box_plantumlcode/pau-minoves_jseats.puml
Successfully processed repo pau-minoves_jseats
PlantUML diagram generated at zeroShot_gpt_box_plantumlcode/pau-minoves_jseats.puml
Successfully processed repo kryptokrauts_ae-prediction-cards
PlantUML diagram generated at zeroShot_gpt_box_plantumlcode/kryptokrauts_ae-prediction-cards.puml
Successfully processed repo hyeonsangjeon_youtube-dl-nas
PlantUML diagram generated at zeroShot_gpt_box_plantumlcode/hyeonsangjeon_youtube-dl-nas.puml
Attempt 1: Error in generating PlantUML for lvyahui8_http-proxy
Error message: Error line 37 in file: zeroShot_gpt_box_plantumlcode/lvyahui8_http-proxy.puml
Some diagram description contains errors

Attempt 2: Error in generating PlantUML for lvyahui8_http-proxy
Error message: Error line 37 in file: zeroShot_gpt_box_plantumlcode/lvyahui8_http-proxy.puml
Some diagram description contains errors

Attempt 3: Error in generating PlantUML for lvyahui8_http-proxy
Error message: Error line 37 in file: zeroShot_gpt_box_plantumlcode/lvyahui8_http-proxy.puml
Some diagram description contains errors

Failed to generate valid PlantUML for lvyahui8_http-proxy after 3 attempts
Attempt 1: Error in generating PlantUML for domingo1021_Bunny-code
Error message: java.io.IOException: Stream closed
	at java.base/java.io.BufferedInputStream.getInIfOpen(BufferedInputStream.java:170)
	at java.base/java.io.BufferedInputStream.read1(BufferedInputStream.java:328)
	at java.base/java.io.BufferedInputStream.read(BufferedInputStream.java:388)
	at java.base/java.io.FilterInputStream.read(FilterInputStream.java:95)
	at net.sourceforge.plantuml.FileUtils.copyInternal(FileUtils.java:81)
	at net.sourceforge.plantuml.FileUtils.copyToByteArray(FileUtils.java:181)
	at net.sourceforge.plantuml.preproc2.PreprocessorUtils.getStdlibInputStream(PreprocessorUtils.java:108)
	at net.sourceforge.plantuml.preproc2.PreprocessorUtils.getReaderStdlibInclude(PreprocessorUtils.java:133)
	at net.sourceforge.plantuml.tim.TContext.executeInclude(TContext.java:786)
	at net.sourceforge.plantuml.tim.TContext.executeOneLineNotSafe(TContext.java:385)
	at net.sourceforge.plantuml.tim.TContext.executeOneLineSafe(TContext.java:365)
	at net.sourceforge.plantuml.tim.TContext.executeLines(TContext.java:339)
	at net.sourceforge.plantuml.tim.TimLoader.load(TimLoader.java:70)
	at net.sourceforge.plantuml.BlockUml.<init>(BlockUml.java:147)
	at net.sourceforge.plantuml.BlockUmlBuilder.<init>(BlockUmlBuilder.java:134)
	at net.sourceforge.plantuml.SourceFileReaderAbstract.<init>(SourceFileReaderAbstract.java:102)
	at net.sourceforge.plantuml.SourceFileReader.<init>(SourceFileReader.java:77)
	at net.sourceforge.plantuml.Run.manageFileInternal(Run.java:495)
	at net.sourceforge.plantuml.Run.processArgs(Run.java:420)
	at net.sourceforge.plantuml.Run.manageAllFiles(Run.java:387)
	at net.sourceforge.plantuml.Run.main(Run.java:222)
Error line 2 in file: zeroShot_gpt_box_plantumlcode/domingo1021_Bunny-code.puml
Some diagram description contains errors

Attempt 2: Error in generating PlantUML for domingo1021_Bunny-code
Error message: Error line 53 in file: zeroShot_gpt_box_plantumlcode/domingo1021_Bunny-code.puml
Some diagram description contains errors

Attempt 3: Error in generating PlantUML for domingo1021_Bunny-code
Error message: Error line 53 in file: zeroShot_gpt_box_plantumlcode/domingo1021_Bunny-code.puml
Some diagram description contains errors

Failed to generate valid PlantUML for domingo1021_Bunny-code after 3 attempts
Attempt 1: Error in generating PlantUML for adityajain10_foot365-live-streaming-chatbot-prediction-app-on-aws
Error message: java.io.IOException: Stream closed
	at java.base/java.io.BufferedInputStream.getInIfOpen(BufferedInputStream.java:170)
	at java.base/java.io.BufferedInputStream.read1(BufferedInputStream.java:328)
	at java.base/java.io.BufferedInputStream.read(BufferedInputStream.java:388)
	at java.base/java.io.FilterInputStream.read(FilterInputStream.java:95)
	at net.sourceforge.plantuml.FileUtils.copyInternal(FileUtils.java:81)
	at net.sourceforge.plantuml.FileUtils.copyToByteArray(FileUtils.java:181)
	at net.sourceforge.plantuml.preproc2.PreprocessorUtils.getStdlibInputStream(PreprocessorUtils.java:108)
	at net.sourceforge.plantuml.preproc2.PreprocessorUtils.getReaderStdlibInclude(PreprocessorUtils.java:133)
	at net.sourceforge.plantuml.tim.TContext.executeInclude(TContext.java:786)
	at net.sourceforge.plantuml.tim.TContext.executeOneLineNotSafe(TContext.java:385)
	at net.sourceforge.plantuml.tim.TContext.executeOneLineSafe(TContext.java:365)
	at net.sourceforge.plantuml.tim.TContext.executeLines(TContext.java:339)
	at net.sourceforge.plantuml.tim.TimLoader.load(TimLoader.java:70)
	at net.sourceforge.plantuml.BlockUml.<init>(BlockUml.java:147)
	at net.sourceforge.plantuml.BlockUmlBuilder.<init>(BlockUmlBuilder.java:134)
	at net.sourceforge.plantuml.SourceFileReaderAbstract.<init>(SourceFileReaderAbstract.java:102)
	at net.sourceforge.plantuml.SourceFileReader.<init>(SourceFileReader.java:77)
	at net.sourceforge.plantuml.Run.manageFileInternal(Run.java:495)
	at net.sourceforge.plantuml.Run.processArgs(Run.java:420)
	at net.sourceforge.plantuml.Run.manageAllFiles(Run.java:387)
	at net.sourceforge.plantuml.Run.main(Run.java:222)
Error line 3 in file: zeroShot_gpt_box_plantumlcode/adityajain10_foot365-live-streaming-chatbot-prediction-app-on-aws.puml
Some diagram description contains errors

Successfully processed repo adityajain10_foot365-live-streaming-chatbot-prediction-app-on-aws
PlantUML diagram generated at zeroShot_gpt_box_plantumlcode/adityajain10_foot365-live-streaming-chatbot-prediction-app-on-aws.puml
Attempt 1: Error in generating PlantUML for gdsc-ys_mlops
Error message: java.io.IOException: Stream closed
	at java.base/java.io.BufferedInputStream.getInIfOpen(BufferedInputStream.java:170)
	at java.base/java.io.BufferedInputStream.read1(BufferedInputStream.java:328)
	at java.base/java.io.BufferedInputStream.read(BufferedInputStream.java:388)
	at java.base/java.io.FilterInputStream.read(FilterInputStream.java:95)
	at net.sourceforge.plantuml.FileUtils.copyInternal(FileUtils.java:81)
	at net.sourceforge.plantuml.FileUtils.copyToByteArray(FileUtils.java:181)
	at net.sourceforge.plantuml.preproc2.PreprocessorUtils.getStdlibInputStream(PreprocessorUtils.java:108)
	at net.sourceforge.plantuml.preproc2.PreprocessorUtils.getReaderStdlibInclude(PreprocessorUtils.java:133)
	at net.sourceforge.plantuml.tim.TContext.executeInclude(TContext.java:786)
	at net.sourceforge.plantuml.tim.TContext.executeOneLineNotSafe(TContext.java:385)
	at net.sourceforge.plantuml.tim.TContext.executeOneLineSafe(TContext.java:365)
	at net.sourceforge.plantuml.tim.TContext.executeLines(TContext.java:339)
	at net.sourceforge.plantuml.tim.TimLoader.load(TimLoader.java:70)
	at net.sourceforge.plantuml.BlockUml.<init>(BlockUml.java:147)
	at net.sourceforge.plantuml.BlockUmlBuilder.<init>(BlockUmlBuilder.java:134)
	at net.sourceforge.plantuml.SourceFileReaderAbstract.<init>(SourceFileReaderAbstract.java:102)
	at net.sourceforge.plantuml.SourceFileReader.<init>(SourceFileReader.java:77)
	at net.sourceforge.plantuml.Run.manageFileInternal(Run.java:495)
	at net.sourceforge.plantuml.Run.processArgs(Run.java:420)
	at net.sourceforge.plantuml.Run.manageAllFiles(Run.java:387)
	at net.sourceforge.plantuml.Run.main(Run.java:222)
Error line 2 in file: zeroShot_gpt_box_plantumlcode/gdsc-ys_mlops.puml
Some diagram description contains errors

Attempt 2: Error in generating PlantUML for gdsc-ys_mlops
Error message: java.io.IOException: Stream closed
	at java.base/java.io.BufferedInputStream.getInIfOpen(BufferedInputStream.java:170)
	at java.base/java.io.BufferedInputStream.read1(BufferedInputStream.java:328)
	at java.base/java.io.BufferedInputStream.read(BufferedInputStream.java:388)
	at java.base/java.io.FilterInputStream.read(FilterInputStream.java:95)
	at net.sourceforge.plantuml.FileUtils.copyInternal(FileUtils.java:81)
	at net.sourceforge.plantuml.FileUtils.copyToByteArray(FileUtils.java:181)
	at net.sourceforge.plantuml.preproc2.PreprocessorUtils.getStdlibInputStream(PreprocessorUtils.java:108)
	at net.sourceforge.plantuml.preproc2.PreprocessorUtils.getReaderStdlibInclude(PreprocessorUtils.java:133)
	at net.sourceforge.plantuml.tim.TContext.executeInclude(TContext.java:786)
	at net.sourceforge.plantuml.tim.TContext.executeOneLineNotSafe(TContext.java:385)
	at net.sourceforge.plantuml.tim.TContext.executeOneLineSafe(TContext.java:365)
	at net.sourceforge.plantuml.tim.TContext.executeLines(TContext.java:339)
	at net.sourceforge.plantuml.tim.TimLoader.load(TimLoader.java:70)
	at net.sourceforge.plantuml.BlockUml.<init>(BlockUml.java:147)
	at net.sourceforge.plantuml.BlockUmlBuilder.<init>(BlockUmlBuilder.java:134)
	at net.sourceforge.plantuml.SourceFileReaderAbstract.<init>(SourceFileReaderAbstract.java:102)
	at net.sourceforge.plantuml.SourceFileReader.<init>(SourceFileReader.java:77)
	at net.sourceforge.plantuml.Run.manageFileInternal(Run.java:495)
	at net.sourceforge.plantuml.Run.processArgs(Run.java:420)
	at net.sourceforge.plantuml.Run.manageAllFiles(Run.java:387)
	at net.sourceforge.plantuml.Run.main(Run.java:222)
Error line 3 in file: zeroShot_gpt_box_plantumlcode/gdsc-ys_mlops.puml
Some diagram description contains errors

Successfully processed repo gdsc-ys_mlops
PlantUML diagram generated at zeroShot_gpt_box_plantumlcode/gdsc-ys_mlops.puml
Successfully processed repo krishnaprasadkv_Linux-Commands
PlantUML diagram generated at zeroShot_gpt_box_plantumlcode/krishnaprasadkv_Linux-Commands.puml
Successfully processed repo Simon-0711_ta_lyrics_sentiment_classification
PlantUML diagram generated at zeroShot_gpt_box_plantumlcode/Simon-0711_ta_lyrics_sentiment_classification.puml
Successfully processed repo imamabdulazis_FlutterCleanArchitecture
PlantUML diagram generated at zeroShot_gpt_box_plantumlcode/imamabdulazis_FlutterCleanArchitecture.puml
Successfully processed repo 2WAY_Design
PlantUML diagram generated at zeroShot_gpt_box_plantumlcode/2WAY_Design.puml
Attempt 1: Error in generating PlantUML for pau-minoves_jseats
Error message: No file generated by PlantUML.
Attempt 2: Error in generating PlantUML for pau-minoves_jseats
Error message: No file generated by PlantUML.
Attempt 3: Error in generating PlantUML for pau-minoves_jseats
Error message: No file generated by PlantUML.
Failed to generate valid PlantUML for pau-minoves_jseats after 3 attempts
Attempt 1: Error in generating PlantUML for kryptokrauts_ae-prediction-cards
Error message: No file generated by PlantUML.
Attempt 2: Error in generating PlantUML for kryptokrauts_ae-prediction-cards
Error message: No file generated by PlantUML.
Attempt 3: Error in generating PlantUML for kryptokrauts_ae-prediction-cards
Error message: No file generated by PlantUML.
Failed to generate valid PlantUML for kryptokrauts_ae-prediction-cards after 3 attempts
Attempt 1: Error in generating PlantUML for hyeonsangjeon_youtube-dl-nas
Error message: No file generated by PlantUML.
Attempt 2: Error in generating PlantUML for hyeonsangjeon_youtube-dl-nas
Error message: No file generated by PlantUML.
Attempt 3: Error in generating PlantUML for hyeonsangjeon_youtube-dl-nas
Error message: No file generated by PlantUML.
Failed to generate valid PlantUML for hyeonsangjeon_youtube-dl-nas after 3 attempts
Attempt 1: Error in generating PlantUML for lvyahui8_http-proxy
Error message: No file generated by PlantUML.
Attempt 2: Error in generating PlantUML for lvyahui8_http-proxy
Error message: No file generated by PlantUML.
Attempt 3: Error in generating PlantUML for lvyahui8_http-proxy
Error message: No file generated by PlantUML.
Failed to generate valid PlantUML for lvyahui8_http-proxy after 3 attempts
Attempt 1: Error in generating PlantUML for pau-minoves_jseats
Error message: No file generated by PlantUML.
Attempt 2: Error in generating PlantUML for pau-minoves_jseats
Error message: No file generated by PlantUML.
Attempt 3: Error in generating PlantUML for pau-minoves_jseats
Error message: No file generated by PlantUML.
Failed to generate valid PlantUML for pau-minoves_jseats after 3 attempts
Attempt 1: Error in generating PlantUML for kryptokrauts_ae-prediction-cards
Error message: No file generated by PlantUML.
Attempt 2: Error in generating PlantUML for kryptokrauts_ae-prediction-cards
Error message: No file generated by PlantUML.
Attempt 3: Error in generating PlantUML for kryptokrauts_ae-prediction-cards
Error message: No file generated by PlantUML.
Failed to generate valid PlantUML for kryptokrauts_ae-prediction-cards after 3 attempts
Attempt 1: Error in generating PlantUML for hyeonsangjeon_youtube-dl-nas
Error message: No file generated by PlantUML.
Attempt 2: Error in generating PlantUML for hyeonsangjeon_youtube-dl-nas
Error message: No file generated by PlantUML.
Attempt 3: Error in generating PlantUML for hyeonsangjeon_youtube-dl-nas
Error message: No file generated by PlantUML.
Failed to generate valid PlantUML for hyeonsangjeon_youtube-dl-nas after 3 attempts
Attempt 1: Error in generating PlantUML for lvyahui8_http-proxy
Error message: No file generated by PlantUML.
Attempt 2: Error in generating PlantUML for lvyahui8_http-proxy
Error message: No file generated by PlantUML.
Attempt 3: Error in generating PlantUML for lvyahui8_http-proxy
Error message: No file generated by PlantUML.
Failed to generate valid PlantUML for lvyahui8_http-proxy after 3 attempts
Attempt 1: Error in generating PlantUML for domingo1021_Bunny-code
Error message: No file generated by PlantUML.
Attempt 2: Error in generating PlantUML for domingo1021_Bunny-code
Error message: No file generated by PlantUML.
Attempt 3: Error in generating PlantUML for domingo1021_Bunny-code
Error message: No file generated by PlantUML.
Failed to generate valid PlantUML for domingo1021_Bunny-code after 3 attempts
Attempt 1: Error in generating PlantUML for adityajain10_foot365-live-streaming-chatbot-prediction-app-on-aws
Error message: No file generated by PlantUML.
Attempt 2: Error in generating PlantUML for adityajain10_foot365-live-streaming-chatbot-prediction-app-on-aws
Error message: No file generated by PlantUML.
Attempt 3: Error in generating PlantUML for adityajain10_foot365-live-streaming-chatbot-prediction-app-on-aws
Error message: No file generated by PlantUML.
Failed to generate valid PlantUML for adityajain10_foot365-live-streaming-chatbot-prediction-app-on-aws after 3 attempts
Attempt 1: Error in generating PlantUML for gdsc-ys_mlops
Error message: No file generated by PlantUML.
Attempt 2: Error in generating PlantUML for gdsc-ys_mlops
Error message: No file generated by PlantUML.
Attempt 3: Error in generating PlantUML for gdsc-ys_mlops
Error message: No file generated by PlantUML.
Failed to generate valid PlantUML for gdsc-ys_mlops after 3 attempts
Attempt 1: Error in generating PlantUML for krishnaprasadkv_Linux-Commands
Error message: No file generated by PlantUML.
Attempt 2: Error in generating PlantUML for krishnaprasadkv_Linux-Commands
Error message: No file generated by PlantUML.
Attempt 3: Error in generating PlantUML for krishnaprasadkv_Linux-Commands
Error message: No file generated by PlantUML.
Failed to generate valid PlantUML for krishnaprasadkv_Linux-Commands after 3 attempts
Attempt 1: Error in generating PlantUML for Simon-0711_ta_lyrics_sentiment_classification
Error message: No file generated by PlantUML.
Attempt 2: Error in generating PlantUML for Simon-0711_ta_lyrics_sentiment_classification
Error message: No file generated by PlantUML.
Attempt 1: Error in generating PlantUML for pau-minoves_jseats
Error message: No file generated by PlantUML.
Attempt 2: Error in generating PlantUML for pau-minoves_jseats
Error message: No file generated by PlantUML.
Attempt 3: Error in generating PlantUML for pau-minoves_jseats
Error message: No file generated by PlantUML.
Failed to generate valid PlantUML for pau-minoves_jseats after 3 attempts
Attempt 1: Error in generating PlantUML for kryptokrauts_ae-prediction-cards
Error message: No file generated by PlantUML.
Attempt 2: Error in generating PlantUML for kryptokrauts_ae-prediction-cards
Error message: No file generated by PlantUML.
Attempt 3: Error in generating PlantUML for kryptokrauts_ae-prediction-cards
Error message: No file generated by PlantUML.
Failed to generate valid PlantUML for kryptokrauts_ae-prediction-cards after 3 attempts
Attempt 1: Error in generating PlantUML for hyeonsangjeon_youtube-dl-nas
Error message: No file generated by PlantUML.
Attempt 2: Error in generating PlantUML for hyeonsangjeon_youtube-dl-nas
Error message: No file generated by PlantUML.
Attempt 3: Error in generating PlantUML for hyeonsangjeon_youtube-dl-nas
Error message: No file generated by PlantUML.
Failed to generate valid PlantUML for hyeonsangjeon_youtube-dl-nas after 3 attempts
Attempt 1: Error in generating PlantUML for lvyahui8_http-proxy
Error message: No file generated by PlantUML.
Attempt 2: Error in generating PlantUML for lvyahui8_http-proxy
Error message: No file generated by PlantUML.
Attempt 3: Error in generating PlantUML for lvyahui8_http-proxy
Error message: No file generated by PlantUML.
Failed to generate valid PlantUML for lvyahui8_http-proxy after 3 attempts
Attempt 1: Error in generating PlantUML for domingo1021_Bunny-code
Error message: No file generated by PlantUML.
Attempt 2: Error in generating PlantUML for domingo1021_Bunny-code
Error message: No file generated by PlantUML.
Attempt 3: Error in generating PlantUML for domingo1021_Bunny-code
Error message: No file generated by PlantUML.
Failed to generate valid PlantUML for domingo1021_Bunny-code after 3 attempts
Attempt 1: Error in generating PlantUML for adityajain10_foot365-live-streaming-chatbot-prediction-app-on-aws
Error message: No file generated by PlantUML.
Attempt 2: Error in generating PlantUML for adityajain10_foot365-live-streaming-chatbot-prediction-app-on-aws
Error message: No file generated by PlantUML.
Attempt 3: Error in generating PlantUML for adityajain10_foot365-live-streaming-chatbot-prediction-app-on-aws
Error message: No file generated by PlantUML.
Failed to generate valid PlantUML for adityajain10_foot365-live-streaming-chatbot-prediction-app-on-aws after 3 attempts
Attempt 1: Error in generating PlantUML for gdsc-ys_mlops
Error message: No file generated by PlantUML.
Attempt 2: Error in generating PlantUML for gdsc-ys_mlops
Error message: No file generated by PlantUML.
Attempt 3: Error in generating PlantUML for gdsc-ys_mlops
Error message: No file generated by PlantUML.
Failed to generate valid PlantUML for gdsc-ys_mlops after 3 attempts
Attempt 1: Error in generating PlantUML for krishnaprasadkv_Linux-Commands
Error message: No file generated by PlantUML.
Attempt 2: Error in generating PlantUML for krishnaprasadkv_Linux-Commands
Error message: No file generated by PlantUML.
Attempt 3: Error in generating PlantUML for krishnaprasadkv_Linux-Commands
Error message: No file generated by PlantUML.
Failed to generate valid PlantUML for krishnaprasadkv_Linux-Commands after 3 attempts
Attempt 1: Error in generating PlantUML for Simon-0711_ta_lyrics_sentiment_classification
Error message: No file generated by PlantUML.
Attempt 2: Error in generating PlantUML for Simon-0711_ta_lyrics_sentiment_classification
Error message: No file generated by PlantUML.
Attempt 3: Error in generating PlantUML for Simon-0711_ta_lyrics_sentiment_classification
Error message: No file generated by PlantUML.
Failed to generate valid PlantUML for Simon-0711_ta_lyrics_sentiment_classification after 3 attempts
Attempt 1: Error in generating PlantUML for imamabdulazis_FlutterCleanArchitecture
Error message: No file generated by PlantUML.
Attempt 2: Error in generating PlantUML for imamabdulazis_FlutterCleanArchitecture
Error message: No file generated by PlantUML.
Attempt 3: Error in generating PlantUML for imamabdulazis_FlutterCleanArchitecture
Error message: No file generated by PlantUML.
Failed to generate valid PlantUML for imamabdulazis_FlutterCleanArchitecture after 3 attempts
Attempt 1: Error in generating PlantUML for 2WAY_Design
Error message: No file generated by PlantUML.
Attempt 2: Error in generating PlantUML for 2WAY_Design
Error message: No file generated by PlantUML.
Attempt 3: Error in generating PlantUML for 2WAY_Design
Error message: No file generated by PlantUML.
Failed to generate valid PlantUML for 2WAY_Design after 3 attempts
Attempt 1: Error in generating PlantUML for pau-minoves_jseats
Error message: No file generated by PlantUML.
Attempt 2: Error in generating PlantUML for pau-minoves_jseats
Error message: No file generated by PlantUML.
Attempt 3: Error in generating PlantUML for pau-minoves_jseats
Error message: No file generated by PlantUML.
Failed to generate valid PlantUML for pau-minoves_jseats after 3 attempts
Attempt 1: Error in generating PlantUML for kryptokrauts_ae-prediction-cards
Error message: No file generated by PlantUML.
Attempt 2: Error in generating PlantUML for kryptokrauts_ae-prediction-cards
Error message: No file generated by PlantUML.
Attempt 3: Error in generating PlantUML for kryptokrauts_ae-prediction-cards
Error message: No file generated by PlantUML.
Failed to generate valid PlantUML for kryptokrauts_ae-prediction-cards after 3 attempts
Attempt 1: Error in generating PlantUML for hyeonsangjeon_youtube-dl-nas
Error message: No file generated by PlantUML.
Attempt 2: Error in generating PlantUML for hyeonsangjeon_youtube-dl-nas
Error message: No file generated by PlantUML.
Attempt 3: Error in generating PlantUML for hyeonsangjeon_youtube-dl-nas
Error message: No file generated by PlantUML.
Failed to generate valid PlantUML for hyeonsangjeon_youtube-dl-nas after 3 attempts
Attempt 1: Error in generating PlantUML for lvyahui8_http-proxy
Error message: No file generated by PlantUML.
Successfully processed repo pau-minoves_jseats
PlantUML diagram generated at zeroShot_gpt_box_knowledge_plantumlcode/pau-minoves_jseats.puml
Successfully processed repo kryptokrauts_ae-prediction-cards
PlantUML diagram generated at zeroShot_gpt_box_knowledge_plantumlcode/kryptokrauts_ae-prediction-cards.puml
Attempt 1: Error in generating PlantUML for hyeonsangjeon_youtube-dl-nas
Error message: Error line 57 in file: zeroShot_gpt_box_knowledge_plantumlcode/hyeonsangjeon_youtube-dl-nas.puml
Some diagram description contains errors

Successfully processed repo hyeonsangjeon_youtube-dl-nas
PlantUML diagram generated at zeroShot_gpt_box_knowledge_plantumlcode/hyeonsangjeon_youtube-dl-nas.puml
Attempt 1: Error in generating PlantUML for lvyahui8_http-proxy
Error message: Error line 11 in file: zeroShot_gpt_box_knowledge_plantumlcode/lvyahui8_http-proxy.puml
Some diagram description contains errors

Successfully processed repo lvyahui8_http-proxy
PlantUML diagram generated at zeroShot_gpt_box_knowledge_plantumlcode/lvyahui8_http-proxy.puml
Successfully processed repo domingo1021_Bunny-code
PlantUML diagram generated at zeroShot_gpt_box_knowledge_plantumlcode/domingo1021_Bunny-code.puml
Attempt 1: Error in generating PlantUML for adityajain10_foot365-live-streaming-chatbot-prediction-app-on-aws
Error message: Error line 17 in file: zeroShot_gpt_box_knowledge_plantumlcode/adityajain10_foot365-live-streaming-chatbot-prediction-app-on-aws.puml
Some diagram description contains errors

Attempt 2: Error in generating PlantUML for adityajain10_foot365-live-streaming-chatbot-prediction-app-on-aws
Error message: Error line 17 in file: zeroShot_gpt_box_knowledge_plantumlcode/adityajain10_foot365-live-streaming-chatbot-prediction-app-on-aws.puml
Some diagram description contains errors

Attempt 3: Error in generating PlantUML for adityajain10_foot365-live-streaming-chatbot-prediction-app-on-aws
Error message: Error line 17 in file: zeroShot_gpt_box_knowledge_plantumlcode/adityajain10_foot365-live-streaming-chatbot-prediction-app-on-aws.puml
Some diagram description contains errors

Failed to generate valid PlantUML for adityajain10_foot365-live-streaming-chatbot-prediction-app-on-aws after 3 attempts
Attempt 1: Error in generating PlantUML for gdsc-ys_mlops
Error message: Error line 11 in file: zeroShot_gpt_box_knowledge_plantumlcode/gdsc-ys_mlops.puml
Some diagram description contains errors

Attempt 2: Error in generating PlantUML for gdsc-ys_mlops
Error message: Error line 11 in file: zeroShot_gpt_box_knowledge_plantumlcode/gdsc-ys_mlops.puml
Some diagram description contains errors

Successfully processed repo gdsc-ys_mlops
PlantUML diagram generated at zeroShot_gpt_box_knowledge_plantumlcode/gdsc-ys_mlops.puml
Successfully processed repo krishnaprasadkv_Linux-Commands
PlantUML diagram generated at zeroShot_gpt_box_knowledge_plantumlcode/krishnaprasadkv_Linux-Commands.puml
Successfully processed repo Simon-0711_ta_lyrics_sentiment_classification
PlantUML diagram generated at zeroShot_gpt_box_knowledge_plantumlcode/Simon-0711_ta_lyrics_sentiment_classification.puml
Successfully processed repo imamabdulazis_FlutterCleanArchitecture
PlantUML diagram generated at zeroShot_gpt_box_knowledge_plantumlcode/imamabdulazis_FlutterCleanArchitecture.puml
Attempt 1: Error in generating PlantUML for 2WAY_Design
Error message: Error line 64 in file: zeroShot_gpt_box_knowledge_plantumlcode/2WAY_Design.puml
Some diagram description contains errors

Attempt 2: Error in generating PlantUML for 2WAY_Design
Error message: Error line 64 in file: zeroShot_gpt_box_knowledge_plantumlcode/2WAY_Design.puml
Some diagram description contains errors

Attempt 3: Error in generating PlantUML for 2WAY_Design
Error message: Error line 64 in file: zeroShot_gpt_box_knowledge_plantumlcode/2WAY_Design.puml
Some diagram description contains errors

Failed to generate valid PlantUML for 2WAY_Design after 3 attempts
