Attempt 1: Error in generating Python script for pau-minoves_jseats
Error message:   File "/Users/miryalaauthor_2/research/CodeToDiagram/othertrials/pythondiagrams/zeroShot_gpt_python/pau-minoves_jseats.py", line 1
    ```python
    ^
SyntaxError: invalid syntax

Successfully processed repo pau-minoves_jseats
Python script generated at zeroShot_gpt_python/pau-minoves_jseats.py
Attempt 1: Error in generating Python script for pau-minoves_jseats
Error message:   File "/Users/miryalaauthor_2/research/CodeToDiagram/othertrials/pythondiagrams/zeroShot_gpt_python/pau-minoves_jseats.py", line 1
    ```python
    ^
SyntaxError: invalid syntax

Successfully processed repo pau-minoves_jseats
Python script generated at zeroShot_gpt_python/pau-minoves_jseats.py
Attempt 1: Error in generating Python script for kryptokrauts_ae-prediction-cards
Error message:   File "/Users/miryalaauthor_2/research/CodeToDiagram/othertrials/pythondiagrams/zeroShot_gpt_python/kryptokrauts_ae-prediction-cards.py", line 1
    ```python
    ^
SyntaxError: invalid syntax

Successfully processed repo kryptokrauts_ae-prediction-cards
Python script generated at zeroShot_gpt_python/kryptokrauts_ae-prediction-cards.py
Attempt 1: Error in generating Python script for hyeonsangjeon_youtube-dl-nas
Error message:   File "/Users/miryalaauthor_2/research/CodeToDiagram/othertrials/pythondiagrams/zeroShot_gpt_python/hyeonsangjeon_youtube-dl-nas.py", line 1
    ```python
    ^
SyntaxError: invalid syntax

Successfully processed repo hyeonsangjeon_youtube-dl-nas
Python script generated at zeroShot_gpt_python/hyeonsangjeon_youtube-dl-nas.py
Attempt 1: Error in generating Python script for pau-minoves_jseats
Error message:   File "/Users/miryalaauthor_2/research/CodeToDiagram/othertrials/pythondiagrams/zeroShot_gpt_python/pau-minoves_jseats.py", line 1
    ```python
    ^
SyntaxError: invalid syntax

Successfully processed repo pau-minoves_jseats
Python script generated at zeroShot_gpt_python/pau-minoves_jseats.py
Attempt 1: Error in generating Python script for kryptokrauts_ae-prediction-cards
Error message:   File "/Users/miryalaauthor_2/research/CodeToDiagram/othertrials/pythondiagrams/zeroShot_gpt_python/kryptokrauts_ae-prediction-cards.py", line 1
    ```python
    ^
SyntaxError: invalid syntax

Successfully processed repo kryptokrauts_ae-prediction-cards
Python script generated at zeroShot_gpt_python/kryptokrauts_ae-prediction-cards.py
Attempt 1: Error in generating Python script for hyeonsangjeon_youtube-dl-nas
Error message:   File "/Users/miryalaauthor_2/research/CodeToDiagram/othertrials/pythondiagrams/zeroShot_gpt_python/hyeonsangjeon_youtube-dl-nas.py", line 1
    ```python
    ^
SyntaxError: invalid syntax

Successfully processed repo hyeonsangjeon_youtube-dl-nas
Python script generated at zeroShot_gpt_python/hyeonsangjeon_youtube-dl-nas.py
Attempt 1: Error in generating Python script for lvyahui8_http-proxy
Error message:   File "/Users/miryalaauthor_2/research/CodeToDiagram/othertrials/pythondiagrams/zeroShot_gpt_python/lvyahui8_http-proxy.py", line 1
    ```python
    ^
SyntaxError: invalid syntax

Successfully processed repo lvyahui8_http-proxy
Python script generated at zeroShot_gpt_python/lvyahui8_http-proxy.py
Attempt 1: Error in generating Python script for domingo1021_Bunny-code
Error message:   File "/Users/miryalaauthor_2/research/CodeToDiagram/othertrials/pythondiagrams/zeroShot_gpt_python/domingo1021_Bunny-code.py", line 1
    ```python
    ^
SyntaxError: invalid syntax

Successfully processed repo domingo1021_Bunny-code
Python script generated at zeroShot_gpt_python/domingo1021_Bunny-code.py
Attempt 1: Error in generating Python script for adityajain10_foot365-live-streaming-chatbot-prediction-app-on-aws
Error message:   File "/Users/miryalaauthor_2/research/CodeToDiagram/othertrials/pythondiagrams/zeroShot_gpt_python/adityajain10_foot365-live-streaming-chatbot-prediction-app-on-aws.py", line 1
    ```python
    ^
SyntaxError: invalid syntax

Successfully processed repo adityajain10_foot365-live-streaming-chatbot-prediction-app-on-aws
Python script generated at zeroShot_gpt_python/adityajain10_foot365-live-streaming-chatbot-prediction-app-on-aws.py
Successfully processed repo gdsc-ys_mlops
Python script generated at zeroShot_gpt_python/gdsc-ys_mlops.py
Attempt 1: Error in generating Python script for krishnaprasadkv_Linux-Commands
Error message:   File "/Users/miryalaauthor_2/research/CodeToDiagram/othertrials/pythondiagrams/zeroShot_gpt_python/krishnaprasadkv_Linux-Commands.py", line 1
    ```python
    ^
SyntaxError: invalid syntax

Successfully processed repo krishnaprasadkv_Linux-Commands
Python script generated at zeroShot_gpt_python/krishnaprasadkv_Linux-Commands.py
Attempt 1: Error in generating Python script for Simon-0711_ta_lyrics_sentiment_classification
Error message:   File "/Users/miryalaauthor_2/research/CodeToDiagram/othertrials/pythondiagrams/zeroShot_gpt_python/Simon-0711_ta_lyrics_sentiment_classification.py", line 1
    ```python
    ^
SyntaxError: invalid syntax

Attempt 2: Error in generating Python script for Simon-0711_ta_lyrics_sentiment_classification
Error message:   File "/Users/miryalaauthor_2/research/CodeToDiagram/othertrials/pythondiagrams/zeroShot_gpt_python/Simon-0711_ta_lyrics_sentiment_classification.py", line 1
    ```python
    ^
SyntaxError: invalid syntax

Failed to generate valid PlantUML for Simon-0711_ta_lyrics_sentiment_classification after 2 attempts
Attempt 1: Error in generating Python script for imamabdulazis_FlutterCleanArchitecture
Error message:   File "/Users/miryalaauthor_2/research/CodeToDiagram/othertrials/pythondiagrams/zeroShot_gpt_python/imamabdulazis_FlutterCleanArchitecture.py", line 1
    ```python
    ^
SyntaxError: invalid syntax

Successfully processed repo imamabdulazis_FlutterCleanArchitecture
Python script generated at zeroShot_gpt_python/imamabdulazis_FlutterCleanArchitecture.py
Attempt 1: Error in generating Python script for pau-minoves_jseats
Error message:   File "/Users/miryalaauthor_2/research/CodeToDiagram/othertrials/pythondiagrams/zeroShot_gpt_python/pau-minoves_jseats.py", line 1
    ```python
    ^
SyntaxError: invalid syntax

Successfully processed repo pau-minoves_jseats
Python script generated at zeroShot_gpt_python/pau-minoves_jseats.py
Attempt 1: Error in generating Python script for kryptokrauts_ae-prediction-cards
Error message:   File "/Users/miryalaauthor_2/research/CodeToDiagram/othertrials/pythondiagrams/zeroShot_gpt_python/kryptokrauts_ae-prediction-cards.py", line 1
    ```python
    ^
SyntaxError: invalid syntax

Attempt 2: Error in generating Python script for kryptokrauts_ae-prediction-cards
Error message: Traceback (most recent call last):
  File "/Users/miryalaauthor_2/research/CodeToDiagram/othertrials/pythondiagrams/zeroShot_gpt_python/kryptokrauts_ae-prediction-cards.py", line 27, in <module>
    web_servers >> app_servers
TypeError: unsupported operand type(s) for >>: 'list' and 'list'

Failed to generate valid PlantUML for kryptokrauts_ae-prediction-cards after 2 attempts
Attempt 1: Error in generating Python script for hyeonsangjeon_youtube-dl-nas
Error message:   File "/Users/miryalaauthor_2/research/CodeToDiagram/othertrials/pythondiagrams/zeroShot_gpt_python/hyeonsangjeon_youtube-dl-nas.py", line 1
    ```python
    ^
SyntaxError: invalid syntax

Successfully processed repo hyeonsangjeon_youtube-dl-nas
Python script generated at zeroShot_gpt_python/hyeonsangjeon_youtube-dl-nas.py
Attempt 1: Error in generating Python script for lvyahui8_http-proxy
Error message:   File "/Users/miryalaauthor_2/research/CodeToDiagram/othertrials/pythondiagrams/zeroShot_gpt_python/lvyahui8_http-proxy.py", line 1
    ```python
    ^
SyntaxError: invalid syntax

Successfully processed repo lvyahui8_http-proxy
Python script generated at zeroShot_gpt_python/lvyahui8_http-proxy.py
Attempt 1: Error in generating Python script for domingo1021_Bunny-code
Error message:   File "/Users/miryalaauthor_2/research/CodeToDiagram/othertrials/pythondiagrams/zeroShot_gpt_python/domingo1021_Bunny-code.py", line 1
    ```python
    ^
SyntaxError: invalid syntax

Successfully processed repo domingo1021_Bunny-code
Python script generated at zeroShot_gpt_python/domingo1021_Bunny-code.py
Attempt 1: Error in generating Python script for adityajain10_foot365-live-streaming-chatbot-prediction-app-on-aws
Error message: Script ran successfully but generated no output file.
Successfully processed repo adityajain10_foot365-live-streaming-chatbot-prediction-app-on-aws
Python script generated at zeroShot_gpt_python/adityajain10_foot365-live-streaming-chatbot-prediction-app-on-aws.py
Attempt 1: Error in generating Python script for gdsc-ys_mlops
Error message:   File "/Users/miryalaauthor_2/research/CodeToDiagram/othertrials/pythondiagrams/zeroShot_gpt_python/gdsc-ys_mlops.py", line 1
    ```python
    ^
SyntaxError: invalid syntax

Successfully processed repo gdsc-ys_mlops
Python script generated at zeroShot_gpt_python/gdsc-ys_mlops.py
Attempt 1: Error in generating Python script for krishnaprasadkv_Linux-Commands
Error message:   File "/Users/miryalaauthor_2/research/CodeToDiagram/othertrials/pythondiagrams/zeroShot_gpt_python/krishnaprasadkv_Linux-Commands.py", line 1
    ```python
    ^
SyntaxError: invalid syntax

Successfully processed repo krishnaprasadkv_Linux-Commands
Python script generated at zeroShot_gpt_python/krishnaprasadkv_Linux-Commands.py
Attempt 1: Error in generating Python script for Simon-0711_ta_lyrics_sentiment_classification
Error message:   File "/Users/miryalaauthor_2/research/CodeToDiagram/othertrials/pythondiagrams/zeroShot_gpt_python/Simon-0711_ta_lyrics_sentiment_classification.py", line 1
    ```python
    ^
SyntaxError: invalid syntax

Attempt 2: Error in generating Python script for Simon-0711_ta_lyrics_sentiment_classification
Error message: Traceback (most recent call last):
  File "/Users/miryalaauthor_2/research/CodeToDiagram/othertrials/pythondiagrams/zeroShot_gpt_python/Simon-0711_ta_lyrics_sentiment_classification.py", line 5, in <module>
    from diagrams.generic.os import Windows, Linux
ImportError: cannot import name 'Linux' from 'diagrams.generic.os' (/Users/miryalaauthor_2/Library/Python/3.9/lib/python/site-packages/diagrams/generic/os.py)

Failed to generate valid PlantUML for Simon-0711_ta_lyrics_sentiment_classification after 2 attempts
Attempt 1: Error in generating Python script for imamabdulazis_FlutterCleanArchitecture
Error message:   File "/Users/miryalaauthor_2/research/CodeToDiagram/othertrials/pythondiagrams/zeroShot_gpt_python/imamabdulazis_FlutterCleanArchitecture.py", line 1
    ```python
    ^
SyntaxError: invalid syntax

Successfully processed repo imamabdulazis_FlutterCleanArchitecture
Python script generated at zeroShot_gpt_python/imamabdulazis_FlutterCleanArchitecture.py
Attempt 1: Error in generating Python script for 2WAY_Design
Error message:   File "/Users/miryalaauthor_2/research/CodeToDiagram/othertrials/pythondiagrams/zeroShot_gpt_python/2WAY_Design.py", line 1
    ```python
    ^
SyntaxError: invalid syntax

Attempt 2: Error in generating Python script for 2WAY_Design
Error message: Traceback (most recent call last):
  File "/Users/miryalaauthor_2/research/CodeToDiagram/othertrials/pythondiagrams/zeroShot_gpt_python/2WAY_Design.py", line 28, in <module>
    web_servers >> Edge(label="HTTP", color="darkgreen") >> app_servers
TypeError: unsupported operand type(s) for >>: 'list' and 'list'

Failed to generate valid PlantUML for 2WAY_Design after 2 attempts
Successfully processed repo 2WAY_Design
Python script generated at zeroShot_gpt_python/2WAY_Design.py
Successfully processed repo microsoft_azure-realtime-fraud-detection
Python script generated at zeroShot_gpt_python/microsoft_azure-realtime-fraud-detection.py
Successfully processed repo lkravi_kube8aws
Python script generated at zeroShot_gpt_python/lkravi_kube8aws.py
Successfully processed repo MyEMS_myems
Python script generated at zeroShot_gpt_python/MyEMS_myems.py
Successfully processed repo kineviz-3D-human-pose-tracking_3d-ai-powered-pose-tracking
Python script generated at zeroShot_gpt_python/kineviz-3D-human-pose-tracking_3d-ai-powered-pose-tracking.py
Successfully processed repo avarghesein_ActiveX.NET
Python script generated at zeroShot_gpt_python/avarghesein_ActiveX.NET.py
Successfully processed repo leekoko_Java-Web
Python script generated at zeroShot_gpt_python/leekoko_Java-Web.py
Successfully processed repo oracle-quickstart_oci-jenkins
Python script generated at zeroShot_gpt_python/oracle-quickstart_oci-jenkins.py
Successfully processed repo Neighbor-Army_help-with-covid
Python script generated at zeroShot_gpt_python/Neighbor-Army_help-with-covid.py
Successfully processed repo GoogleCloudPlatform_gke-pubsub-websocket-adapter
Python script generated at zeroShot_gpt_python/GoogleCloudPlatform_gke-pubsub-websocket-adapter.py
Successfully processed repo pagopa_pn-infra
Python script generated at zeroShot_gpt_python/pagopa_pn-infra.py
Successfully processed repo chrispiro_deploy_plotly_app_on_gcp
Python script generated at zeroShot_gpt_python/chrispiro_deploy_plotly_app_on_gcp.py
Successfully processed repo ashavijit_Face-Find
Python script generated at zeroShot_gpt_python/ashavijit_Face-Find.py
Successfully processed repo Activiti_activiti-7-developers-guide
Python script generated at zeroShot_gpt_python/Activiti_activiti-7-developers-guide.py
Successfully processed repo cordon-thiago_airflow-spark
Python script generated at zeroShot_gpt_python/cordon-thiago_airflow-spark.py
Successfully processed repo IBM_torc_py
Python script generated at zeroShot_gpt_python/IBM_torc_py.py
Successfully processed repo kansiris_Angular-Interview-Questions-Answers
Python script generated at zeroShot_gpt_python/kansiris_Angular-Interview-Questions-Answers.py
Successfully processed repo SimonLdj_hypnolog-server
Python script generated at zeroShot_gpt_python/SimonLdj_hypnolog-server.py
Successfully processed repo chaitin_veinmind-tools
Python script generated at zeroShot_gpt_python/chaitin_veinmind-tools.py
Successfully processed repo IceFireDB_IceFireDB
Python script generated at zeroShot_gpt_python/IceFireDB_IceFireDB.py
