Attempt 1: Error in generating PlantUML for https://github.com/TinkerWorks/HomeSensorHub/
Error message: Error line 23 in file: /home/sathvika/codetodiagrams/scripts/plantumlcode/TinkerWorks_HomeSensorHub.puml
Some diagram description contains errors

Attempt 2: Error in generating PlantUML for https://github.com/TinkerWorks/HomeSensorHub/
Error message: Error line 15 in file: /home/sathvika/codetodiagrams/scripts/plantumlcode/TinkerWorks_HomeSensorHub.puml
Some diagram description contains errors

Successfully processed repo https://github.com/TinkerWorks/HomeSensorHub/
PlantUML diagram generated at plantumlcode/TinkerWorks_HomeSensorHub.puml
Attempt 1: Error in generating PlantUML for https://github.com/ndsev/zswag/
Error message: Error line 7 in file: /home/sathvika/codetodiagrams/scripts/plantumlcode/ndsev_zswag.puml
Some diagram description contains errors

Attempt 2: Error in generating PlantUML for https://github.com/ndsev/zswag/
Error message: Error line 16 in file: /home/sathvika/codetodiagrams/scripts/plantumlcode/ndsev_zswag.puml
Some diagram description contains errors

Successfully processed repo https://github.com/ndsev/zswag/
PlantUML diagram generated at plantumlcode/ndsev_zswag.puml
Successfully processed repo https://github.com/OpenPSD/modelbank/
PlantUML diagram generated at plantumlcode/OpenPSD_modelbank.puml
Successfully processed repo https://github.com/ballerina-platform/asyncapi-tools/
PlantUML diagram generated at plantumlcode/ballerina-platform_asyncapi-tools.puml
Attempt 1: Error in generating PlantUML for https://github.com/EOS-Nation/dfuse-docs/
Error message: Error line 8 in file: /home/sathvika/codetodiagrams/scripts/plantumlcode/EOS-Nation_dfuse-docs.puml
Some diagram description contains errors

Successfully processed repo https://github.com/EOS-Nation/dfuse-docs/
PlantUML diagram generated at plantumlcode/EOS-Nation_dfuse-docs.puml
Successfully processed repo https://github.com/matryx/MatryxPlatform/
PlantUML diagram generated at plantumlcode/matryx_MatryxPlatform.puml
Successfully processed repo https://github.com/batatero/arquiteturaPHP00/
PlantUML diagram generated at plantumlcode/batatero_arquiteturaPHP00.puml
Attempt 1: Error in generating PlantUML for https://github.com/Taymindis/fcgi-function/
Error message: Error line 31 in file: /home/sathvika/codetodiagrams/scripts/plantumlcode/Taymindis_fcgi-function.puml
Some diagram description contains errors

Successfully processed repo https://github.com/Taymindis/fcgi-function/
PlantUML diagram generated at plantumlcode/Taymindis_fcgi-function.puml
Attempt 1: Error in generating PlantUML for https://github.com/Simon-0711/ta_lyrics_sentiment_classification/
Error message: Error line 57 in file: /home/sathvika/codetodiagrams/scripts/plantumlcode/Simon-0711_ta_lyrics_sentiment_classification.puml
Some diagram description contains errors

Successfully processed repo https://github.com/Simon-0711/ta_lyrics_sentiment_classification/
PlantUML diagram generated at plantumlcode/Simon-0711_ta_lyrics_sentiment_classification.puml
Attempt 1: Error in generating PlantUML for https://github.com/TinkerWorks/HomeSensorHub/
Error message: java.io.FileNotFoundException: https://raw.githubusercontent.com/awslabs/aws-toolkit-jetbrains/master/src/main/resources/icons/AWS-Logo.puml
	at sun.net.www.protocol.http.HttpURLConnection.getInputStream0(HttpURLConnection.java:1913)
	at sun.net.www.protocol.http.HttpURLConnection.getInputStream(HttpURLConnection.java:1515)
	at sun.net.www.protocol.https.HttpsURLConnectionImpl.getInputStream(HttpsURLConnectionImpl.java:268)
	at java.net.URL.openStream(URL.java:1093)
	at net.sourceforge.plantuml.preproc2.PreprocessorUtils.getReaderIncludeUrl2(PreprocessorUtils.java:122)
	at net.sourceforge.plantuml.tim.TContext.executeInclude(TContext.java:502)
	at net.sourceforge.plantuml.tim.TContext.executeOneLineNotSafe(TContext.java:260)
	at net.sourceforge.plantuml.tim.TContext.executeOneLineSafe(TContext.java:241)
	at net.sourceforge.plantuml.tim.TContext.executeLines(TContext.java:216)
	at net.sourceforge.plantuml.tim.TimLoader.load(TimLoader.java:64)
	at net.sourceforge.plantuml.BlockUml.<init>(BlockUml.java:114)
	at net.sourceforge.plantuml.BlockUmlBuilder.init(BlockUmlBuilder.java:123)
	at net.sourceforge.plantuml.BlockUmlBuilder.<init>(BlockUmlBuilder.java:74)
	at net.sourceforge.plantuml.SourceFileReader.<init>(SourceFileReader.java:89)
	at net.sourceforge.plantuml.Run.manageFileInternal(Run.java:477)
	at net.sourceforge.plantuml.Run.processArgs(Run.java:391)
	at net.sourceforge.plantuml.Run.manageAllFiles(Run.java:359)
	at net.sourceforge.plantuml.Run.main(Run.java:182)
Error line 4 in file: /home/sathvika/codetodiagrams/scripts/plantumlcode/TinkerWorks_HomeSensorHub.puml
Some diagram description contains errors

Attempt 2: Error in generating PlantUML for https://github.com/TinkerWorks/HomeSensorHub/
Error message: Error line 32 in file: /home/sathvika/codetodiagrams/scripts/plantumlcode/TinkerWorks_HomeSensorHub.puml
Some diagram description contains errors

Successfully processed repo https://github.com/TinkerWorks/HomeSensorHub/
PlantUML diagram generated at plantumlcode/TinkerWorks_HomeSensorHub.puml
Attempt 1: Error in generating PlantUML for https://github.com/ndsev/zswag/
Error message: Error line 37 in file: /home/sathvika/codetodiagrams/scripts/plantumlcode/ndsev_zswag.puml
Some diagram description contains errors

Attempt 2: Error in generating PlantUML for https://github.com/ndsev/zswag/
Error message: Error line 12 in file: /home/sathvika/codetodiagrams/scripts/plantumlcode/ndsev_zswag.puml
Some diagram description contains errors

Successfully processed repo https://github.com/ndsev/zswag/
PlantUML diagram generated at plantumlcode/ndsev_zswag.puml
Attempt 1: Error in generating PlantUML for https://github.com/OpenPSD/modelbank/
Error message: Error line 21 in file: /home/sathvika/codetodiagrams/scripts/plantumlcode/OpenPSD_modelbank.puml
Some diagram description contains errors

Attempt 2: Error in generating PlantUML for https://github.com/OpenPSD/modelbank/
Error message: Error line 4 in file: /home/sathvika/codetodiagrams/scripts/plantumlcode/OpenPSD_modelbank.puml
Some diagram description contains errors

Successfully processed repo https://github.com/OpenPSD/modelbank/
PlantUML diagram generated at plantumlcode/OpenPSD_modelbank.puml
Attempt 1: Error in generating PlantUML for https://github.com/ballerina-platform/asyncapi-tools/
Error message: Error line 8 in file: /home/sathvika/codetodiagrams/scripts/plantumlcode/ballerina-platform_asyncapi-tools.puml
Some diagram description contains errors

Attempt 2: Error in generating PlantUML for https://github.com/ballerina-platform/asyncapi-tools/
Error message: Error line 6 in file: /home/sathvika/codetodiagrams/scripts/plantumlcode/ballerina-platform_asyncapi-tools.puml
Some diagram description contains errors

Successfully processed repo https://github.com/ballerina-platform/asyncapi-tools/
PlantUML diagram generated at plantumlcode/ballerina-platform_asyncapi-tools.puml
Attempt 1: Error in generating PlantUML for https://github.com/quasirsg/Henry-M3/
Error message: Error line 7 in file: /home/sathvika/codetodiagrams/scripts/plantumlcode/quasirsg_Henry-M3.puml
Some diagram description contains errors

Attempt 2: Error in generating PlantUML for https://github.com/quasirsg/Henry-M3/
Error message: Error line 6 in file: /home/sathvika/codetodiagrams/scripts/plantumlcode/quasirsg_Henry-M3.puml
Some diagram description contains errors

Attempt 3: Error in generating PlantUML for https://github.com/quasirsg/Henry-M3/
Error message: Error line 8 in file: /home/sathvika/codetodiagrams/scripts/plantumlcode/quasirsg_Henry-M3.puml
Some diagram description contains errors

Failed to generate valid PlantUML for https://github.com/quasirsg/Henry-M3/ after 3 attempts
Attempt 1: Error in generating PlantUML for https://github.com/inovex/scrumlr.io/
Error message: Error line 67 in file: /home/sathvika/codetodiagrams/scripts/plantumlcode/inovex_scrumlr.io.puml
Some diagram description contains errors

Successfully processed repo https://github.com/inovex/scrumlr.io/
PlantUML diagram generated at plantumlcode/inovex_scrumlr.io.puml
Successfully processed repo https://github.com/s-sokolko/smev3_adapter_service/
PlantUML diagram generated at plantumlcode/s-sokolko_smev3_adapter_service.puml
Attempt 1: Error in generating PlantUML for https://github.com/EOS-Nation/dfuse-docs/
Error message: Error line 11 in file: /home/sathvika/codetodiagrams/scripts/plantumlcode/EOS-Nation_dfuse-docs.puml
Some diagram description contains errors

Successfully processed repo https://github.com/EOS-Nation/dfuse-docs/
PlantUML diagram generated at plantumlcode/EOS-Nation_dfuse-docs.puml
Attempt 1: Error in generating PlantUML for https://github.com/IBM/IBM-Spectrum-Scale-Security-Posture/
Error message: Error line 8 in file: /home/sathvika/codetodiagrams/scripts/plantumlcode/IBM_IBM-Spectrum-Scale-Security-Posture.puml
Some diagram description contains errors

Successfully processed repo https://github.com/IBM/IBM-Spectrum-Scale-Security-Posture/
PlantUML diagram generated at plantumlcode/IBM_IBM-Spectrum-Scale-Security-Posture.puml
Attempt 1: Error in generating PlantUML for https://github.com/matryx/MatryxPlatform/
Error message: Error line 21 in file: /home/sathvika/codetodiagrams/scripts/plantumlcode/matryx_MatryxPlatform.puml
Some diagram description contains errors

Attempt 2: Error in generating PlantUML for https://github.com/matryx/MatryxPlatform/
Error message: Error line 34 in file: /home/sathvika/codetodiagrams/scripts/plantumlcode/matryx_MatryxPlatform.puml
Some diagram description contains errors

Attempt 3: Error in generating PlantUML for https://github.com/matryx/MatryxPlatform/
Error message: Error line 42 in file: /home/sathvika/codetodiagrams/scripts/plantumlcode/matryx_MatryxPlatform.puml
Some diagram description contains errors

Failed to generate valid PlantUML for https://github.com/matryx/MatryxPlatform/ after 3 attempts
Attempt 1: Error in generating PlantUML for https://github.com/batatero/arquiteturaPHP00/
Error message: Error line 42 in file: /home/sathvika/codetodiagrams/scripts/plantumlcode/batatero_arquiteturaPHP00.puml
Some diagram description contains errors

Attempt 2: Error in generating PlantUML for https://github.com/batatero/arquiteturaPHP00/
Error message: Error line 4 in file: /home/sathvika/codetodiagrams/scripts/plantumlcode/batatero_arquiteturaPHP00.puml
Some diagram description contains errors

Attempt 3: Error in generating PlantUML for https://github.com/batatero/arquiteturaPHP00/
Error message: Error line 5 in file: /home/sathvika/codetodiagrams/scripts/plantumlcode/batatero_arquiteturaPHP00.puml
Some diagram description contains errors

Failed to generate valid PlantUML for https://github.com/batatero/arquiteturaPHP00/ after 3 attempts
Attempt 1: Error in generating PlantUML for https://github.com/Taymindis/fcgi-function/
Error message: Error line 6 in file: /home/sathvika/codetodiagrams/scripts/plantumlcode/Taymindis_fcgi-function.puml
Some diagram description contains errors

Successfully processed repo https://github.com/Taymindis/fcgi-function/
PlantUML diagram generated at plantumlcode/Taymindis_fcgi-function.puml
Attempt 1: Error in generating PlantUML for https://github.com/duanfuxiang0/MysqlMigrationTool/
Error message: Error line 32 in file: /home/sathvika/codetodiagrams/scripts/plantumlcode/duanfuxiang0_MysqlMigrationTool.puml
Some diagram description contains errors

Successfully processed repo https://github.com/duanfuxiang0/MysqlMigrationTool/
PlantUML diagram generated at plantumlcode/duanfuxiang0_MysqlMigrationTool.puml
Attempt 1: Error in generating PlantUML for https://github.com/awslabs/benchmark-ai/
Error message: Error line 4 in file: /home/sathvika/codetodiagrams/scripts/plantumlcode/awslabs_benchmark-ai.puml
Some diagram description contains errors

Attempt 2: Error in generating PlantUML for https://github.com/awslabs/benchmark-ai/
Error message: java.io.FileNotFoundException: https://raw.githubusercontent.com/awslabs/aws-icons-for-plantuml/v14.2/dist/AWSCommon.puml
	at sun.net.www.protocol.http.HttpURLConnection.getInputStream0(HttpURLConnection.java:1913)
	at sun.net.www.protocol.http.HttpURLConnection.getInputStream(HttpURLConnection.java:1515)
	at sun.net.www.protocol.https.HttpsURLConnectionImpl.getInputStream(HttpsURLConnectionImpl.java:268)
	at java.net.URL.openStream(URL.java:1093)
	at net.sourceforge.plantuml.preproc2.PreprocessorUtils.getReaderIncludeUrl2(PreprocessorUtils.java:122)
	at net.sourceforge.plantuml.tim.TContext.executeInclude(TContext.java:502)
	at net.sourceforge.plantuml.tim.TContext.executeOneLineNotSafe(TContext.java:260)
	at net.sourceforge.plantuml.tim.TContext.executeOneLineSafe(TContext.java:241)
	at net.sourceforge.plantuml.tim.TContext.executeLines(TContext.java:216)
	at net.sourceforge.plantuml.tim.TimLoader.load(TimLoader.java:64)
	at net.sourceforge.plantuml.BlockUml.<init>(BlockUml.java:114)
	at net.sourceforge.plantuml.BlockUmlBuilder.init(BlockUmlBuilder.java:123)
	at net.sourceforge.plantuml.BlockUmlBuilder.<init>(BlockUmlBuilder.java:74)
	at net.sourceforge.plantuml.SourceFileReader.<init>(SourceFileReader.java:89)
	at net.sourceforge.plantuml.Run.manageFileInternal(Run.java:477)
	at net.sourceforge.plantuml.Run.processArgs(Run.java:391)
	at net.sourceforge.plantuml.Run.manageAllFiles(Run.java:359)
	at net.sourceforge.plantuml.Run.main(Run.java:182)
Error line 4 in file: /home/sathvika/codetodiagrams/scripts/plantumlcode/awslabs_benchmark-ai.puml
Some diagram description contains errors

Attempt 3: Error in generating PlantUML for https://github.com/awslabs/benchmark-ai/
Error message: Error line 33 in file: /home/sathvika/codetodiagrams/scripts/plantumlcode/awslabs_benchmark-ai.puml
Some diagram description contains errors

Failed to generate valid PlantUML for https://github.com/awslabs/benchmark-ai/ after 3 attempts
Attempt 1: Error in generating PlantUML for https://github.com/Simon-0711/ta_lyrics_sentiment_classification/
Error message: Error line 10 in file: /home/sathvika/codetodiagrams/scripts/gemini_plantumlcode/Simon-0711_ta_lyrics_sentiment_classification.puml
Some diagram description contains errors

Attempt 2: Error in generating PlantUML for https://github.com/Simon-0711/ta_lyrics_sentiment_classification/
Error message: java.io.FileNotFoundException: https://raw.githubusercontent.com/Drakemor/PlantUML-Icon-Library/master/dist/font-awesome-5/fontawesome-5.puml
	at sun.net.www.protocol.http.HttpURLConnection.getInputStream0(HttpURLConnection.java:1913)
	at sun.net.www.protocol.http.HttpURLConnection.getInputStream(HttpURLConnection.java:1515)
	at sun.net.www.protocol.https.HttpsURLConnectionImpl.getInputStream(HttpsURLConnectionImpl.java:268)
	at java.net.URL.openStream(URL.java:1093)
	at net.sourceforge.plantuml.preproc2.PreprocessorUtils.getReaderIncludeUrl2(PreprocessorUtils.java:122)
	at net.sourceforge.plantuml.tim.TContext.executeInclude(TContext.java:502)
	at net.sourceforge.plantuml.tim.TContext.executeOneLineNotSafe(TContext.java:260)
	at net.sourceforge.plantuml.tim.TContext.executeOneLineSafe(TContext.java:241)
	at net.sourceforge.plantuml.tim.TContext.executeLines(TContext.java:216)
	at net.sourceforge.plantuml.tim.TimLoader.load(TimLoader.java:64)
	at net.sourceforge.plantuml.BlockUml.<init>(BlockUml.java:114)
	at net.sourceforge.plantuml.BlockUmlBuilder.init(BlockUmlBuilder.java:123)
	at net.sourceforge.plantuml.BlockUmlBuilder.<init>(BlockUmlBuilder.java:74)
	at net.sourceforge.plantuml.SourceFileReader.<init>(SourceFileReader.java:89)
	at net.sourceforge.plantuml.Run.manageFileInternal(Run.java:477)
	at net.sourceforge.plantuml.Run.processArgs(Run.java:391)
	at net.sourceforge.plantuml.Run.manageAllFiles(Run.java:359)
	at net.sourceforge.plantuml.Run.main(Run.java:182)
Error line 4 in file: /home/sathvika/codetodiagrams/scripts/gemini_plantumlcode/Simon-0711_ta_lyrics_sentiment_classification.puml
Some diagram description contains errors

Attempt 3: Error in generating PlantUML for https://github.com/Simon-0711/ta_lyrics_sentiment_classification/
Error message: Error line 14 in file: /home/sathvika/codetodiagrams/scripts/gemini_plantumlcode/Simon-0711_ta_lyrics_sentiment_classification.puml
Some diagram description contains errors

Failed to generate valid PlantUML for https://github.com/Simon-0711/ta_lyrics_sentiment_classification/ after 3 attempts
Attempt 1: Error in generating PlantUML for https://github.com/TinkerWorks/HomeSensorHub/
Error message: Error line 11 in file: /home/sathvika/codetodiagrams/scripts/gemini_plantumlcode/TinkerWorks_HomeSensorHub.puml
Some diagram description contains errors

Attempt 2: Error in generating PlantUML for https://github.com/TinkerWorks/HomeSensorHub/
Error message: Error line 39 in file: /home/sathvika/codetodiagrams/scripts/gemini_plantumlcode/TinkerWorks_HomeSensorHub.puml
Some diagram description contains errors

Attempt 3: Error in generating PlantUML for https://github.com/TinkerWorks/HomeSensorHub/
Error message: Error line 33 in file: /home/sathvika/codetodiagrams/scripts/gemini_plantumlcode/TinkerWorks_HomeSensorHub.puml
Some diagram description contains errors

Failed to generate valid PlantUML for https://github.com/TinkerWorks/HomeSensorHub/ after 3 attempts
Attempt 1: Error in generating PlantUML for https://github.com/ndsev/zswag/
Error message: Error line 10 in file: /home/sathvika/codetodiagrams/scripts/gemini_plantumlcode/ndsev_zswag.puml
Some diagram description contains errors

Successfully processed repo https://github.com/ndsev/zswag/
PlantUML diagram generated at gemini_plantumlcode/ndsev_zswag.puml
Successfully processed repo https://github.com/OpenPSD/modelbank/
PlantUML diagram generated at gemini_plantumlcode/OpenPSD_modelbank.puml
Successfully processed repo https://github.com/ballerina-platform/asyncapi-tools/
PlantUML diagram generated at gemini_plantumlcode/ballerina-platform_asyncapi-tools.puml
Attempt 1: Error in generating PlantUML for https://github.com/quasirsg/Henry-M3/
Error message: Error line 4 in file: /home/sathvika/codetodiagrams/scripts/gemini_plantumlcode/quasirsg_Henry-M3.puml
Some diagram description contains errors

Attempt 2: Error in generating PlantUML for https://github.com/quasirsg/Henry-M3/
Error message: Error line 40 in file: /home/sathvika/codetodiagrams/scripts/gemini_plantumlcode/quasirsg_Henry-M3.puml
Some diagram description contains errors

Successfully processed repo https://github.com/quasirsg/Henry-M3/
PlantUML diagram generated at gemini_plantumlcode/quasirsg_Henry-M3.puml
Attempt 1: Error in generating PlantUML for https://github.com/inovex/scrumlr.io/
Error message: Error line 7 in file: /home/sathvika/codetodiagrams/scripts/gemini_plantumlcode/inovex_scrumlr.io.puml
Some diagram description contains errors

Attempt 2: Error in generating PlantUML for https://github.com/inovex/scrumlr.io/
Error message: java.io.FileNotFoundException: https://raw.githubusercontent.com/FortAwesome/Font-Awesome/6.x/master/css/all.min.css
	at sun.net.www.protocol.http.HttpURLConnection.getInputStream0(HttpURLConnection.java:1913)
	at sun.net.www.protocol.http.HttpURLConnection.getInputStream(HttpURLConnection.java:1515)
	at sun.net.www.protocol.https.HttpsURLConnectionImpl.getInputStream(HttpsURLConnectionImpl.java:268)
	at java.net.URL.openStream(URL.java:1093)
	at net.sourceforge.plantuml.preproc2.PreprocessorUtils.getReaderIncludeUrl2(PreprocessorUtils.java:122)
	at net.sourceforge.plantuml.tim.TContext.executeInclude(TContext.java:502)
	at net.sourceforge.plantuml.tim.TContext.executeOneLineNotSafe(TContext.java:260)
	at net.sourceforge.plantuml.tim.TContext.executeOneLineSafe(TContext.java:241)
	at net.sourceforge.plantuml.tim.TContext.executeLines(TContext.java:216)
	at net.sourceforge.plantuml.tim.TimLoader.load(TimLoader.java:64)
	at net.sourceforge.plantuml.BlockUml.<init>(BlockUml.java:114)
	at net.sourceforge.plantuml.BlockUmlBuilder.init(BlockUmlBuilder.java:123)
	at net.sourceforge.plantuml.BlockUmlBuilder.<init>(BlockUmlBuilder.java:74)
	at net.sourceforge.plantuml.SourceFileReader.<init>(SourceFileReader.java:89)
	at net.sourceforge.plantuml.Run.manageFileInternal(Run.java:477)
	at net.sourceforge.plantuml.Run.processArgs(Run.java:391)
	at net.sourceforge.plantuml.Run.manageAllFiles(Run.java:359)
	at net.sourceforge.plantuml.Run.main(Run.java:182)
Error line 4 in file: /home/sathvika/codetodiagrams/scripts/gemini_plantumlcode/inovex_scrumlr.io.puml
Some diagram description contains errors

Successfully processed repo https://github.com/inovex/scrumlr.io/
PlantUML diagram generated at gemini_plantumlcode/inovex_scrumlr.io.puml
Successfully processed repo https://github.com/s-sokolko/smev3_adapter_service/
PlantUML diagram generated at gemini_plantumlcode/s-sokolko_smev3_adapter_service.puml
Attempt 1: Error in generating PlantUML for https://github.com/EOS-Nation/dfuse-docs/
Error message: Error line 42 in file: /home/sathvika/codetodiagrams/scripts/gemini_plantumlcode/EOS-Nation_dfuse-docs.puml
Some diagram description contains errors

Attempt 2: Error in generating PlantUML for https://github.com/EOS-Nation/dfuse-docs/
Error message: Error line 45 in file: /home/sathvika/codetodiagrams/scripts/gemini_plantumlcode/EOS-Nation_dfuse-docs.puml
Some diagram description contains errors

Attempt 3: Error in generating PlantUML for https://github.com/EOS-Nation/dfuse-docs/
Error message: Error line 45 in file: /home/sathvika/codetodiagrams/scripts/gemini_plantumlcode/EOS-Nation_dfuse-docs.puml
Some diagram description contains errors

Failed to generate valid PlantUML for https://github.com/EOS-Nation/dfuse-docs/ after 3 attempts
Attempt 1: Error in generating PlantUML for https://github.com/IBM/IBM-Spectrum-Scale-Security-Posture/
Error message: Error line 11 in file: /home/sathvika/codetodiagrams/scripts/gemini_plantumlcode/IBM_IBM-Spectrum-Scale-Security-Posture.puml
Some diagram description contains errors

Successfully processed repo https://github.com/IBM/IBM-Spectrum-Scale-Security-Posture/
PlantUML diagram generated at gemini_plantumlcode/IBM_IBM-Spectrum-Scale-Security-Posture.puml
Successfully processed repo https://github.com/matryx/MatryxPlatform/
PlantUML diagram generated at gemini_plantumlcode/matryx_MatryxPlatform.puml
Successfully processed repo https://github.com/batatero/arquiteturaPHP00/
PlantUML diagram generated at gemini_plantumlcode/batatero_arquiteturaPHP00.puml
Attempt 1: Error in generating PlantUML for https://github.com/Taymindis/fcgi-function/
Error message: Error line 6 in file: /home/sathvika/codetodiagrams/scripts/gemini_plantumlcode/Taymindis_fcgi-function.puml
Some diagram description contains errors

Successfully processed repo https://github.com/Taymindis/fcgi-function/
PlantUML diagram generated at gemini_plantumlcode/Taymindis_fcgi-function.puml
Attempt 1: Error in generating PlantUML for https://github.com/duanfuxiang0/MysqlMigrationTool/
Error message: Error line 7 in file: /home/sathvika/codetodiagrams/scripts/gemini_plantumlcode/duanfuxiang0_MysqlMigrationTool.puml
Some diagram description contains errors

Attempt 2: Error in generating PlantUML for https://github.com/duanfuxiang0/MysqlMigrationTool/
Error message: java.io.FileNotFoundException: https://raw.githubusercontent.com/FortAwesome/Font-Awesome/6.x/main/css/all.min.css
	at sun.net.www.protocol.http.HttpURLConnection.getInputStream0(HttpURLConnection.java:1913)
	at sun.net.www.protocol.http.HttpURLConnection.getInputStream(HttpURLConnection.java:1515)
	at sun.net.www.protocol.https.HttpsURLConnectionImpl.getInputStream(HttpsURLConnectionImpl.java:268)
	at java.net.URL.openStream(URL.java:1093)
	at net.sourceforge.plantuml.preproc2.PreprocessorUtils.getReaderIncludeUrl2(PreprocessorUtils.java:122)
	at net.sourceforge.plantuml.tim.TContext.executeInclude(TContext.java:502)
	at net.sourceforge.plantuml.tim.TContext.executeOneLineNotSafe(TContext.java:260)
	at net.sourceforge.plantuml.tim.TContext.executeOneLineSafe(TContext.java:241)
	at net.sourceforge.plantuml.tim.TContext.executeLines(TContext.java:216)
	at net.sourceforge.plantuml.tim.TimLoader.load(TimLoader.java:64)
	at net.sourceforge.plantuml.BlockUml.<init>(BlockUml.java:114)
	at net.sourceforge.plantuml.BlockUmlBuilder.init(BlockUmlBuilder.java:123)
	at net.sourceforge.plantuml.BlockUmlBuilder.<init>(BlockUmlBuilder.java:74)
	at net.sourceforge.plantuml.SourceFileReader.<init>(SourceFileReader.java:89)
	at net.sourceforge.plantuml.Run.manageFileInternal(Run.java:477)
	at net.sourceforge.plantuml.Run.processArgs(Run.java:391)
	at net.sourceforge.plantuml.Run.manageAllFiles(Run.java:359)
	at net.sourceforge.plantuml.Run.main(Run.java:182)
Error line 4 in file: /home/sathvika/codetodiagrams/scripts/gemini_plantumlcode/duanfuxiang0_MysqlMigrationTool.puml
Some diagram description contains errors

Attempt 3: Error in generating PlantUML for https://github.com/duanfuxiang0/MysqlMigrationTool/
Error message: Error line 34 in file: /home/sathvika/codetodiagrams/scripts/gemini_plantumlcode/duanfuxiang0_MysqlMigrationTool.puml
Some diagram description contains errors

Failed to generate valid PlantUML for https://github.com/duanfuxiang0/MysqlMigrationTool/ after 3 attempts
Attempt 1: Error in generating PlantUML for https://github.com/awslabs/benchmark-ai/
Error message: Error line 4 in file: /home/sathvika/codetodiagrams/scripts/gemini_plantumlcode/awslabs_benchmark-ai.puml
Some diagram description contains errors

Successfully processed repo https://github.com/awslabs/benchmark-ai/
PlantUML diagram generated at gemini_plantumlcode/awslabs_benchmark-ai.puml
Attempt 1: Error in generating PlantUML for https://github.com/Simon-0711/ta_lyrics_sentiment_classification/
Error message: Error line 31 in file: /home/sathvika/codetodiagrams/scripts/gemini_plantumlcode/Simon-0711_ta_lyrics_sentiment_classification.puml
Some diagram description contains errors

Successfully processed repo https://github.com/Simon-0711/ta_lyrics_sentiment_classification/
PlantUML diagram generated at gemini_plantumlcode/Simon-0711_ta_lyrics_sentiment_classification.puml
Attempt 1: Error in generating PlantUML for https://github.com/TinkerWorks/HomeSensorHub/
Error message: Error line 4 in file: /home/sathvika/codetodiagrams/scripts/gemini_plantumlcode/TinkerWorks_HomeSensorHub.puml
Some diagram description contains errors

Attempt 2: Error in generating PlantUML for https://github.com/TinkerWorks/HomeSensorHub/
Error message: Error line 5 in file: /home/sathvika/codetodiagrams/scripts/gemini_plantumlcode/TinkerWorks_HomeSensorHub.puml
Some diagram description contains errors

Successfully processed repo https://github.com/TinkerWorks/HomeSensorHub/
PlantUML diagram generated at gemini_plantumlcode/TinkerWorks_HomeSensorHub.puml
Attempt 1: Error in generating PlantUML for https://github.com/ndsev/zswag/
Error message: Error line 50 in file: /home/sathvika/codetodiagrams/scripts/gemini_plantumlcode/ndsev_zswag.puml
Some diagram description contains errors

Successfully processed repo https://github.com/ndsev/zswag/
PlantUML diagram generated at gemini_plantumlcode/ndsev_zswag.puml
Attempt 1: Error in generating PlantUML for https://github.com/OpenPSD/modelbank/
Error message: java.io.FileNotFoundException: https://raw.githubusercontent.com/FortAwesome/Font-Awesome/master/metadata/fontawesome.yml
	at sun.net.www.protocol.http.HttpURLConnection.getInputStream0(HttpURLConnection.java:1913)
	at sun.net.www.protocol.http.HttpURLConnection.getInputStream(HttpURLConnection.java:1515)
	at sun.net.www.protocol.https.HttpsURLConnectionImpl.getInputStream(HttpsURLConnectionImpl.java:268)
	at java.net.URL.openStream(URL.java:1093)
	at net.sourceforge.plantuml.preproc2.PreprocessorUtils.getReaderIncludeUrl2(PreprocessorUtils.java:122)
	at net.sourceforge.plantuml.tim.TContext.executeInclude(TContext.java:502)
	at net.sourceforge.plantuml.tim.TContext.executeOneLineNotSafe(TContext.java:260)
	at net.sourceforge.plantuml.tim.TContext.executeOneLineSafe(TContext.java:241)
	at net.sourceforge.plantuml.tim.TContext.executeLines(TContext.java:216)
	at net.sourceforge.plantuml.tim.TimLoader.load(TimLoader.java:64)
	at net.sourceforge.plantuml.BlockUml.<init>(BlockUml.java:114)
	at net.sourceforge.plantuml.BlockUmlBuilder.init(BlockUmlBuilder.java:123)
	at net.sourceforge.plantuml.BlockUmlBuilder.<init>(BlockUmlBuilder.java:74)
	at net.sourceforge.plantuml.SourceFileReader.<init>(SourceFileReader.java:89)
	at net.sourceforge.plantuml.Run.manageFileInternal(Run.java:477)
	at net.sourceforge.plantuml.Run.processArgs(Run.java:391)
	at net.sourceforge.plantuml.Run.manageAllFiles(Run.java:359)
	at net.sourceforge.plantuml.Run.main(Run.java:182)
Error line 4 in file: /home/sathvika/codetodiagrams/scripts/gemini_plantumlcode/OpenPSD_modelbank.puml
Some diagram description contains errors

Attempt 2: Error in generating PlantUML for https://github.com/OpenPSD/modelbank/
Error message: Error line 7 in file: /home/sathvika/codetodiagrams/scripts/gemini_plantumlcode/OpenPSD_modelbank.puml
Some diagram description contains errors

Attempt 3: Error in generating PlantUML for https://github.com/OpenPSD/modelbank/
Error message: Error line 35 in file: /home/sathvika/codetodiagrams/scripts/gemini_plantumlcode/OpenPSD_modelbank.puml
Some diagram description contains errors

Failed to generate valid PlantUML for https://github.com/OpenPSD/modelbank/ after 3 attempts
Attempt 1: Error in generating PlantUML for https://github.com/ballerina-platform/asyncapi-tools/
Error message: Error line 51 in file: /home/sathvika/codetodiagrams/scripts/gemini_plantumlcode/ballerina-platform_asyncapi-tools.puml
Some diagram description contains errors

Attempt 2: Error in generating PlantUML for https://github.com/ballerina-platform/asyncapi-tools/
Error message: Error line 43 in file: /home/sathvika/codetodiagrams/scripts/gemini_plantumlcode/ballerina-platform_asyncapi-tools.puml
Some diagram description contains errors

Successfully processed repo https://github.com/ballerina-platform/asyncapi-tools/
PlantUML diagram generated at gemini_plantumlcode/ballerina-platform_asyncapi-tools.puml
Successfully processed repo https://github.com/quasirsg/Henry-M3/
PlantUML diagram generated at gemini_plantumlcode/quasirsg_Henry-M3.puml
Attempt 1: Error in generating PlantUML for https://github.com/inovex/scrumlr.io/
Error message: Error line 5 in file: /home/sathvika/codetodiagrams/scripts/gemini_plantumlcode/inovex_scrumlr.io.puml
Some diagram description contains errors

Attempt 2: Error in generating PlantUML for https://github.com/inovex/scrumlr.io/
Error message: Error line 33 in file: /home/sathvika/codetodiagrams/scripts/gemini_plantumlcode/inovex_scrumlr.io.puml
Some diagram description contains errors

Attempt 3: Error in generating PlantUML for https://github.com/inovex/scrumlr.io/
Error message: Error line 8 in file: /home/sathvika/codetodiagrams/scripts/gemini_plantumlcode/inovex_scrumlr.io.puml
Some diagram description contains errors

Failed to generate valid PlantUML for https://github.com/inovex/scrumlr.io/ after 3 attempts
Successfully processed repo https://github.com/s-sokolko/smev3_adapter_service/
PlantUML diagram generated at gemini_plantumlcode/s-sokolko_smev3_adapter_service.puml
Attempt 1: Error in generating PlantUML for https://github.com/EOS-Nation/dfuse-docs/
Error message: Error line 9 in file: /home/sathvika/codetodiagrams/scripts/gemini_plantumlcode/EOS-Nation_dfuse-docs.puml
Some diagram description contains errors

Successfully processed repo https://github.com/EOS-Nation/dfuse-docs/
PlantUML diagram generated at gemini_plantumlcode/EOS-Nation_dfuse-docs.puml
Attempt 1: Error in generating PlantUML for https://github.com/IBM/IBM-Spectrum-Scale-Security-Posture/
Error message: Error line 9 in file: /home/sathvika/codetodiagrams/scripts/gemini_plantumlcode/IBM_IBM-Spectrum-Scale-Security-Posture.puml
Some diagram description contains errors

Successfully processed repo https://github.com/IBM/IBM-Spectrum-Scale-Security-Posture/
PlantUML diagram generated at gemini_plantumlcode/IBM_IBM-Spectrum-Scale-Security-Posture.puml
Successfully processed repo https://github.com/matryx/MatryxPlatform/
PlantUML diagram generated at gemini_plantumlcode/matryx_MatryxPlatform.puml
Attempt 1: Error in generating PlantUML for https://github.com/batatero/arquiteturaPHP00/
Error message: Error line 11 in file: /home/sathvika/codetodiagrams/scripts/gemini_plantumlcode/batatero_arquiteturaPHP00.puml
Some diagram description contains errors

Successfully processed repo https://github.com/batatero/arquiteturaPHP00/
PlantUML diagram generated at gemini_plantumlcode/batatero_arquiteturaPHP00.puml
Attempt 1: Error in generating PlantUML for https://github.com/Taymindis/fcgi-function/
Error message: Error line 37 in file: /home/sathvika/codetodiagrams/scripts/gemini_plantumlcode/Taymindis_fcgi-function.puml
Some diagram description contains errors

Successfully processed repo https://github.com/Taymindis/fcgi-function/
PlantUML diagram generated at gemini_plantumlcode/Taymindis_fcgi-function.puml
Attempt 1: Error in generating PlantUML for https://github.com/duanfuxiang0/MysqlMigrationTool/
Error message: Error line 4 in file: /home/sathvika/codetodiagrams/scripts/gemini_plantumlcode/duanfuxiang0_MysqlMigrationTool.puml
Some diagram description contains errors

Attempt 2: Error in generating PlantUML for https://github.com/duanfuxiang0/MysqlMigrationTool/
Error message: java.io.FileNotFoundException: https://raw.githubusercontent.com/plantuml/plantuml-stdlib/master/distribution/themes/aws-orange.puml
	at sun.net.www.protocol.http.HttpURLConnection.getInputStream0(HttpURLConnection.java:1913)
	at sun.net.www.protocol.http.HttpURLConnection.getInputStream(HttpURLConnection.java:1515)
	at sun.net.www.protocol.https.HttpsURLConnectionImpl.getInputStream(HttpsURLConnectionImpl.java:268)
	at java.net.URL.openStream(URL.java:1093)
	at net.sourceforge.plantuml.preproc2.PreprocessorUtils.getReaderIncludeUrl2(PreprocessorUtils.java:122)
	at net.sourceforge.plantuml.tim.TContext.executeInclude(TContext.java:502)
	at net.sourceforge.plantuml.tim.TContext.executeOneLineNotSafe(TContext.java:260)
	at net.sourceforge.plantuml.tim.TContext.executeOneLineSafe(TContext.java:241)
	at net.sourceforge.plantuml.tim.TContext.executeLines(TContext.java:216)
	at net.sourceforge.plantuml.tim.TimLoader.load(TimLoader.java:64)
	at net.sourceforge.plantuml.BlockUml.<init>(BlockUml.java:114)
	at net.sourceforge.plantuml.BlockUmlBuilder.init(BlockUmlBuilder.java:123)
	at net.sourceforge.plantuml.BlockUmlBuilder.<init>(BlockUmlBuilder.java:74)
	at net.sourceforge.plantuml.SourceFileReader.<init>(SourceFileReader.java:89)
	at net.sourceforge.plantuml.Run.manageFileInternal(Run.java:477)
	at net.sourceforge.plantuml.Run.processArgs(Run.java:391)
	at net.sourceforge.plantuml.Run.manageAllFiles(Run.java:359)
	at net.sourceforge.plantuml.Run.main(Run.java:182)
Error line 4 in file: /home/sathvika/codetodiagrams/scripts/gemini_plantumlcode/duanfuxiang0_MysqlMigrationTool.puml
Some diagram description contains errors

Attempt 3: Error in generating PlantUML for https://github.com/duanfuxiang0/MysqlMigrationTool/
Error message: Error line 4 in file: /home/sathvika/codetodiagrams/scripts/gemini_plantumlcode/duanfuxiang0_MysqlMigrationTool.puml
Some diagram description contains errors

Failed to generate valid PlantUML for https://github.com/duanfuxiang0/MysqlMigrationTool/ after 3 attempts
Attempt 1: Error in generating PlantUML for https://github.com/awslabs/benchmark-ai/
Error message: Error line 49 in file: /home/sathvika/codetodiagrams/scripts/gemini_plantumlcode/awslabs_benchmark-ai.puml
Some diagram description contains errors

Attempt 2: Error in generating PlantUML for https://github.com/awslabs/benchmark-ai/
Error message: Error line 5 in file: /home/sathvika/codetodiagrams/scripts/gemini_plantumlcode/awslabs_benchmark-ai.puml
Some diagram description contains errors

Successfully processed repo https://github.com/awslabs/benchmark-ai/
PlantUML diagram generated at gemini_plantumlcode/awslabs_benchmark-ai.puml
Successfully processed repo https://github.com/Simon-0711/ta_lyrics_sentiment_classification/
PlantUML diagram generated at gemini_plantumlcode/Simon-0711_ta_lyrics_sentiment_classification.puml
Attempt 1: Error in generating PlantUML for https://github.com/TinkerWorks/HomeSensorHub/
Error message: Error line 14 in file: /home/sathvika/codetodiagrams/scripts/gemini_plantumlcode/TinkerWorks_HomeSensorHub.puml
Some diagram description contains errors

Attempt 2: Error in generating PlantUML for https://github.com/TinkerWorks/HomeSensorHub/
Error message: Error line 20 in file: /home/sathvika/codetodiagrams/scripts/gemini_plantumlcode/TinkerWorks_HomeSensorHub.puml
Some diagram description contains errors

Successfully processed repo https://github.com/TinkerWorks/HomeSensorHub/
PlantUML diagram generated at gemini_plantumlcode/TinkerWorks_HomeSensorHub.puml
Attempt 1: Error in generating PlantUML for https://github.com/ndsev/zswag/
Error message: Error line 25 in file: /home/sathvika/codetodiagrams/scripts/gemini_plantumlcode/ndsev_zswag.puml
Some diagram description contains errors

Attempt 2: Error in generating PlantUML for https://github.com/ndsev/zswag/
Error message: Error line 16 in file: /home/sathvika/codetodiagrams/scripts/gemini_plantumlcode/ndsev_zswag.puml
Some diagram description contains errors

Successfully processed repo https://github.com/ndsev/zswag/
PlantUML diagram generated at gemini_plantumlcode/ndsev_zswag.puml
Successfully processed repo https://github.com/OpenPSD/modelbank/
PlantUML diagram generated at gemini_plantumlcode/OpenPSD_modelbank.puml
Successfully processed repo https://github.com/ballerina-platform/asyncapi-tools/
PlantUML diagram generated at gemini_plantumlcode/ballerina-platform_asyncapi-tools.puml
Successfully processed repo https://github.com/quasirsg/Henry-M3/
PlantUML diagram generated at gemini_plantumlcode/quasirsg_Henry-M3.puml
Attempt 1: Error in generating PlantUML for https://github.com/inovex/scrumlr.io/
Error message: Error line 7 in file: /home/sathvika/codetodiagrams/scripts/gemini_plantumlcode/inovex_scrumlr.io.puml
Some diagram description contains errors

Attempt 2: Error in generating PlantUML for https://github.com/inovex/scrumlr.io/
Error message: java.io.FileNotFoundException: https://raw.githubusercontent.com/tupadr3/plantuml-plantuml-sprites/v2.6.0/aws/common.puml
	at sun.net.www.protocol.http.HttpURLConnection.getInputStream0(HttpURLConnection.java:1913)
	at sun.net.www.protocol.http.HttpURLConnection.getInputStream(HttpURLConnection.java:1515)
	at sun.net.www.protocol.https.HttpsURLConnectionImpl.getInputStream(HttpsURLConnectionImpl.java:268)
	at java.net.URL.openStream(URL.java:1093)
	at net.sourceforge.plantuml.preproc2.PreprocessorUtils.getReaderIncludeUrl2(PreprocessorUtils.java:122)
	at net.sourceforge.plantuml.tim.TContext.executeInclude(TContext.java:502)
	at net.sourceforge.plantuml.tim.TContext.executeOneLineNotSafe(TContext.java:260)
	at net.sourceforge.plantuml.tim.TContext.executeOneLineSafe(TContext.java:241)
	at net.sourceforge.plantuml.tim.TContext.executeLines(TContext.java:216)
	at net.sourceforge.plantuml.tim.TimLoader.load(TimLoader.java:64)
	at net.sourceforge.plantuml.BlockUml.<init>(BlockUml.java:114)
	at net.sourceforge.plantuml.BlockUmlBuilder.init(BlockUmlBuilder.java:123)
	at net.sourceforge.plantuml.BlockUmlBuilder.<init>(BlockUmlBuilder.java:74)
	at net.sourceforge.plantuml.SourceFileReader.<init>(SourceFileReader.java:89)
	at net.sourceforge.plantuml.Run.manageFileInternal(Run.java:477)
	at net.sourceforge.plantuml.Run.processArgs(Run.java:391)
	at net.sourceforge.plantuml.Run.manageAllFiles(Run.java:359)
	at net.sourceforge.plantuml.Run.main(Run.java:182)
Error line 5 in file: /home/sathvika/codetodiagrams/scripts/gemini_plantumlcode/inovex_scrumlr.io.puml
Some diagram description contains errors

Successfully processed repo https://github.com/inovex/scrumlr.io/
PlantUML diagram generated at gemini_plantumlcode/inovex_scrumlr.io.puml
Successfully processed repo https://github.com/s-sokolko/smev3_adapter_service/
PlantUML diagram generated at gemini_plantumlcode/s-sokolko_smev3_adapter_service.puml
Successfully processed repo https://github.com/EOS-Nation/dfuse-docs/
PlantUML diagram generated at gemini_plantumlcode/EOS-Nation_dfuse-docs.puml
Attempt 1: Error in generating PlantUML for https://github.com/IBM/IBM-Spectrum-Scale-Security-Posture/
Error message: java.io.FileNotFoundException: https://raw.githubusercontent.com/markvader/awesomeness/master/themes/Awesome/style.puml
	at sun.net.www.protocol.http.HttpURLConnection.getInputStream0(HttpURLConnection.java:1913)
	at sun.net.www.protocol.http.HttpURLConnection.getInputStream(HttpURLConnection.java:1515)
	at sun.net.www.protocol.https.HttpsURLConnectionImpl.getInputStream(HttpsURLConnectionImpl.java:268)
	at java.net.URL.openStream(URL.java:1093)
	at net.sourceforge.plantuml.preproc2.PreprocessorUtils.getReaderIncludeUrl2(PreprocessorUtils.java:122)
	at net.sourceforge.plantuml.tim.TContext.executeInclude(TContext.java:502)
	at net.sourceforge.plantuml.tim.TContext.executeOneLineNotSafe(TContext.java:260)
	at net.sourceforge.plantuml.tim.TContext.executeOneLineSafe(TContext.java:241)
	at net.sourceforge.plantuml.tim.TContext.executeLines(TContext.java:216)
	at net.sourceforge.plantuml.tim.TimLoader.load(TimLoader.java:64)
	at net.sourceforge.plantuml.BlockUml.<init>(BlockUml.java:114)
	at net.sourceforge.plantuml.BlockUmlBuilder.init(BlockUmlBuilder.java:123)
	at net.sourceforge.plantuml.BlockUmlBuilder.<init>(BlockUmlBuilder.java:74)
	at net.sourceforge.plantuml.SourceFileReader.<init>(SourceFileReader.java:89)
	at net.sourceforge.plantuml.Run.manageFileInternal(Run.java:477)
	at net.sourceforge.plantuml.Run.processArgs(Run.java:391)
	at net.sourceforge.plantuml.Run.manageAllFiles(Run.java:359)
	at net.sourceforge.plantuml.Run.main(Run.java:182)
Error line 5 in file: /home/sathvika/codetodiagrams/scripts/gemini_plantumlcode/IBM_IBM-Spectrum-Scale-Security-Posture.puml
Some diagram description contains errors

Attempt 2: Error in generating PlantUML for https://github.com/IBM/IBM-Spectrum-Scale-Security-Posture/
Error message: Error line 4 in file: /home/sathvika/codetodiagrams/scripts/gemini_plantumlcode/IBM_IBM-Spectrum-Scale-Security-Posture.puml
Some diagram description contains errors

Attempt 3: Error in generating PlantUML for https://github.com/IBM/IBM-Spectrum-Scale-Security-Posture/
Error message: Error line 44 in file: /home/sathvika/codetodiagrams/scripts/gemini_plantumlcode/IBM_IBM-Spectrum-Scale-Security-Posture.puml
Some diagram description contains errors

Failed to generate valid PlantUML for https://github.com/IBM/IBM-Spectrum-Scale-Security-Posture/ after 3 attempts
Attempt 1: Error in generating PlantUML for https://github.com/matryx/MatryxPlatform/
Error message: Error line 15 in file: /home/sathvika/codetodiagrams/scripts/gemini_plantumlcode/matryx_MatryxPlatform.puml
Some diagram description contains errors

Attempt 2: Error in generating PlantUML for https://github.com/matryx/MatryxPlatform/
Error message: Error line 7 in file: /home/sathvika/codetodiagrams/scripts/gemini_plantumlcode/matryx_MatryxPlatform.puml
Some diagram description contains errors

Attempt 3: Error in generating PlantUML for https://github.com/matryx/MatryxPlatform/
Error message: Error line 8 in file: /home/sathvika/codetodiagrams/scripts/gemini_plantumlcode/matryx_MatryxPlatform.puml
Some diagram description contains errors

Failed to generate valid PlantUML for https://github.com/matryx/MatryxPlatform/ after 3 attempts
Successfully processed repo https://github.com/batatero/arquiteturaPHP00/
PlantUML diagram generated at gemini_plantumlcode/batatero_arquiteturaPHP00.puml
Attempt 1: Error in generating PlantUML for https://github.com/Taymindis/fcgi-function/
Error message: Error line 4 in file: /home/sathvika/codetodiagrams/scripts/gemini_plantumlcode/Taymindis_fcgi-function.puml
Some diagram description contains errors

Attempt 2: Error in generating PlantUML for https://github.com/Taymindis/fcgi-function/
Error message: Error line 4 in file: /home/sathvika/codetodiagrams/scripts/gemini_plantumlcode/Taymindis_fcgi-function.puml
Some diagram description contains errors

Attempt 3: Error in generating PlantUML for https://github.com/Taymindis/fcgi-function/
Error message: Error line 4 in file: /home/sathvika/codetodiagrams/scripts/gemini_plantumlcode/Taymindis_fcgi-function.puml
Some diagram description contains errors

Failed to generate valid PlantUML for https://github.com/Taymindis/fcgi-function/ after 3 attempts
Attempt 1: Error in generating PlantUML for https://github.com/duanfuxiang0/MysqlMigrationTool/
Error message: Error line 18 in file: /home/sathvika/codetodiagrams/scripts/gemini_plantumlcode/duanfuxiang0_MysqlMigrationTool.puml
Some diagram description contains errors

Successfully processed repo https://github.com/duanfuxiang0/MysqlMigrationTool/
PlantUML diagram generated at gemini_plantumlcode/duanfuxiang0_MysqlMigrationTool.puml
Attempt 1: Error in generating PlantUML for https://github.com/awslabs/benchmark-ai/
Error message: Error line 11 in file: /home/sathvika/codetodiagrams/scripts/gemini_plantumlcode/awslabs_benchmark-ai.puml
Some diagram description contains errors

Attempt 2: Error in generating PlantUML for https://github.com/awslabs/benchmark-ai/
Error message: Error line 8 in file: /home/sathvika/codetodiagrams/scripts/gemini_plantumlcode/awslabs_benchmark-ai.puml
Some diagram description contains errors

Attempt 3: Error in generating PlantUML for https://github.com/awslabs/benchmark-ai/
Error message: java.io.FileNotFoundException: https://raw.githubusercontent.com/awslabs/aws-icons-for-plantuml/v16.0/dist/Storage/S3.puml
	at sun.net.www.protocol.http.HttpURLConnection.getInputStream0(HttpURLConnection.java:1913)
	at sun.net.www.protocol.http.HttpURLConnection.getInputStream(HttpURLConnection.java:1515)
	at sun.net.www.protocol.https.HttpsURLConnectionImpl.getInputStream(HttpsURLConnectionImpl.java:268)
	at java.net.URL.openStream(URL.java:1093)
	at net.sourceforge.plantuml.preproc2.PreprocessorUtils.getReaderIncludeUrl2(PreprocessorUtils.java:122)
	at net.sourceforge.plantuml.tim.TContext.executeInclude(TContext.java:502)
	at net.sourceforge.plantuml.tim.TContext.executeOneLineNotSafe(TContext.java:260)
	at net.sourceforge.plantuml.tim.TContext.executeOneLineSafe(TContext.java:241)
	at net.sourceforge.plantuml.tim.TContext.executeLines(TContext.java:216)
	at net.sourceforge.plantuml.tim.TimLoader.load(TimLoader.java:64)
	at net.sourceforge.plantuml.BlockUml.<init>(BlockUml.java:114)
	at net.sourceforge.plantuml.BlockUmlBuilder.init(BlockUmlBuilder.java:123)
	at net.sourceforge.plantuml.BlockUmlBuilder.<init>(BlockUmlBuilder.java:74)
	at net.sourceforge.plantuml.SourceFileReader.<init>(SourceFileReader.java:89)
	at net.sourceforge.plantuml.Run.manageFileInternal(Run.java:477)
	at net.sourceforge.plantuml.Run.processArgs(Run.java:391)
	at net.sourceforge.plantuml.Run.manageAllFiles(Run.java:359)
	at net.sourceforge.plantuml.Run.main(Run.java:182)
Error line 5 in file: /home/sathvika/codetodiagrams/scripts/gemini_plantumlcode/awslabs_benchmark-ai.puml
Some diagram description contains errors

Failed to generate valid PlantUML for https://github.com/awslabs/benchmark-ai/ after 3 attempts
Attempt 1: Error in generating PlantUML for https://github.com/Simon-0711/ta_lyrics_sentiment_classification/
Error message: Error line 4 in file: /home/sathvika/codetodiagrams/scripts/gemini_plantumlcode/Simon-0711_ta_lyrics_sentiment_classification.puml
Some diagram description contains errors

Attempt 2: Error in generating PlantUML for https://github.com/Simon-0711/ta_lyrics_sentiment_classification/
Error message: Error line 38 in file: /home/sathvika/codetodiagrams/scripts/gemini_plantumlcode/Simon-0711_ta_lyrics_sentiment_classification.puml
Some diagram description contains errors

Attempt 3: Error in generating PlantUML for https://github.com/Simon-0711/ta_lyrics_sentiment_classification/
Error message: Error line 7 in file: /home/sathvika/codetodiagrams/scripts/gemini_plantumlcode/Simon-0711_ta_lyrics_sentiment_classification.puml
Some diagram description contains errors

Failed to generate valid PlantUML for https://github.com/Simon-0711/ta_lyrics_sentiment_classification/ after 3 attempts
Attempt 1: Error in generating PlantUML for https://github.com/TinkerWorks/HomeSensorHub/
Error message: Error line 39 in file: /home/sathvika/codetodiagrams/scripts/gemini_plantumlcode/TinkerWorks_HomeSensorHub.puml
Some diagram description contains errors

Attempt 2: Error in generating PlantUML for https://github.com/TinkerWorks/HomeSensorHub/
Error message: Error line 6 in file: /home/sathvika/codetodiagrams/scripts/gemini_plantumlcode/TinkerWorks_HomeSensorHub.puml
Some diagram description contains errors

Attempt 3: Error in generating PlantUML for https://github.com/TinkerWorks/HomeSensorHub/
Error message: Error line 5 in file: /home/sathvika/codetodiagrams/scripts/gemini_plantumlcode/TinkerWorks_HomeSensorHub.puml
Some diagram description contains errors

Failed to generate valid PlantUML for https://github.com/TinkerWorks/HomeSensorHub/ after 3 attempts
Attempt 1: Error in generating PlantUML for https://github.com/ndsev/zswag/
Error message: Error line 5 in file: /home/sathvika/codetodiagrams/scripts/gemini_plantumlcode/ndsev_zswag.puml
Some diagram description contains errors

Attempt 2: Error in generating PlantUML for https://github.com/ndsev/zswag/
Error message: Error line 0 in file: /home/sathvika/codetodiagrams/scripts/gemini_plantumlcode/ndsev_zswag.puml
Some diagram description contains errors

Attempt 3: Error in generating PlantUML for https://github.com/ndsev/zswag/
Error message: Error line 8 in file: /home/sathvika/codetodiagrams/scripts/gemini_plantumlcode/ndsev_zswag.puml
Some diagram description contains errors

Failed to generate valid PlantUML for https://github.com/ndsev/zswag/ after 3 attempts
Attempt 1: Error in generating PlantUML for https://github.com/OpenPSD/modelbank/
Error message: Error line 25 in file: /home/sathvika/codetodiagrams/scripts/gemini_plantumlcode/OpenPSD_modelbank.puml
Some diagram description contains errors

Attempt 2: Error in generating PlantUML for https://github.com/OpenPSD/modelbank/
Error message: Error line 25 in file: /home/sathvika/codetodiagrams/scripts/gemini_plantumlcode/OpenPSD_modelbank.puml
Some diagram description contains errors

Attempt 3: Error in generating PlantUML for https://github.com/OpenPSD/modelbank/
Error message: Error line 5 in file: /home/sathvika/codetodiagrams/scripts/gemini_plantumlcode/OpenPSD_modelbank.puml
Some diagram description contains errors

Failed to generate valid PlantUML for https://github.com/OpenPSD/modelbank/ after 3 attempts
Attempt 1: Error in generating PlantUML for https://github.com/ballerina-platform/asyncapi-tools/
Error message: Error line 15 in file: /home/sathvika/codetodiagrams/scripts/gemini_plantumlcode/ballerina-platform_asyncapi-tools.puml
Some diagram description contains errors

Successfully processed repo https://github.com/ballerina-platform/asyncapi-tools/
PlantUML diagram generated at gemini_plantumlcode/ballerina-platform_asyncapi-tools.puml
Attempt 1: Error in generating PlantUML for https://github.com/quasirsg/Henry-M3/
Error message: Error line 73 in file: /home/sathvika/codetodiagrams/scripts/gemini_plantumlcode/quasirsg_Henry-M3.puml
Some diagram description contains errors

Attempt 2: Error in generating PlantUML for https://github.com/quasirsg/Henry-M3/
Error message: Error line 21 in file: /home/sathvika/codetodiagrams/scripts/gemini_plantumlcode/quasirsg_Henry-M3.puml
Some diagram description contains errors

Attempt 3: Error in generating PlantUML for https://github.com/quasirsg/Henry-M3/
Error message: Error line 66 in file: /home/sathvika/codetodiagrams/scripts/gemini_plantumlcode/quasirsg_Henry-M3.puml
Some diagram description contains errors

Failed to generate valid PlantUML for https://github.com/quasirsg/Henry-M3/ after 3 attempts
Attempt 1: Error in generating PlantUML for https://github.com/inovex/scrumlr.io/
Error message: Error line 16 in file: /home/sathvika/codetodiagrams/scripts/gemini_plantumlcode/inovex_scrumlr.io.puml
Some diagram description contains errors

Successfully processed repo https://github.com/inovex/scrumlr.io/
PlantUML diagram generated at gemini_plantumlcode/inovex_scrumlr.io.puml
Successfully processed repo https://github.com/s-sokolko/smev3_adapter_service/
PlantUML diagram generated at gemini_plantumlcode/s-sokolko_smev3_adapter_service.puml
Attempt 1: Error in generating PlantUML for https://github.com/EOS-Nation/dfuse-docs/
Error message: Error line 4 in file: /home/sathvika/codetodiagrams/scripts/gemini_plantumlcode/EOS-Nation_dfuse-docs.puml
Some diagram description contains errors

Attempt 2: Error in generating PlantUML for https://github.com/EOS-Nation/dfuse-docs/
Error message: Error line 72 in file: /home/sathvika/codetodiagrams/scripts/gemini_plantumlcode/EOS-Nation_dfuse-docs.puml
Some diagram description contains errors

Attempt 3: Error in generating PlantUML for https://github.com/EOS-Nation/dfuse-docs/
Error message: Error line 45 in file: /home/sathvika/codetodiagrams/scripts/gemini_plantumlcode/EOS-Nation_dfuse-docs.puml
Some diagram description contains errors

Failed to generate valid PlantUML for https://github.com/EOS-Nation/dfuse-docs/ after 3 attempts
Attempt 1: Error in generating PlantUML for https://github.com/IBM/IBM-Spectrum-Scale-Security-Posture/
Error message: Error line 8 in file: /home/sathvika/codetodiagrams/scripts/gemini_plantumlcode/IBM_IBM-Spectrum-Scale-Security-Posture.puml
Some diagram description contains errors

Attempt 2: Error in generating PlantUML for https://github.com/IBM/IBM-Spectrum-Scale-Security-Posture/
Error message: Error line 12 in file: /home/sathvika/codetodiagrams/scripts/gemini_plantumlcode/IBM_IBM-Spectrum-Scale-Security-Posture.puml
Some diagram description contains errors

Successfully processed repo https://github.com/IBM/IBM-Spectrum-Scale-Security-Posture/
PlantUML diagram generated at gemini_plantumlcode/IBM_IBM-Spectrum-Scale-Security-Posture.puml
Attempt 1: Error in generating PlantUML for https://github.com/matryx/MatryxPlatform/
Error message: Error line 12 in file: /home/sathvika/codetodiagrams/scripts/gemini_plantumlcode/matryx_MatryxPlatform.puml
Some diagram description contains errors

Successfully processed repo https://github.com/matryx/MatryxPlatform/
PlantUML diagram generated at gemini_plantumlcode/matryx_MatryxPlatform.puml
Attempt 1: Error in generating PlantUML for https://github.com/batatero/arquiteturaPHP00/
Error message: Error line 55 in file: /home/sathvika/codetodiagrams/scripts/gemini_plantumlcode/batatero_arquiteturaPHP00.puml
Some diagram description contains errors

Attempt 2: Error in generating PlantUML for https://github.com/batatero/arquiteturaPHP00/
Error message: Error line 92 in file: /home/sathvika/codetodiagrams/scripts/gemini_plantumlcode/batatero_arquiteturaPHP00.puml
Some diagram description contains errors

Successfully processed repo https://github.com/batatero/arquiteturaPHP00/
PlantUML diagram generated at gemini_plantumlcode/batatero_arquiteturaPHP00.puml
Attempt 1: Error in generating PlantUML for https://github.com/Taymindis/fcgi-function/
Error message: Error line 13 in file: /home/sathvika/codetodiagrams/scripts/gemini_plantumlcode/Taymindis_fcgi-function.puml
Some diagram description contains errors

Attempt 2: Error in generating PlantUML for https://github.com/Taymindis/fcgi-function/
Error message: Error line 6 in file: /home/sathvika/codetodiagrams/scripts/gemini_plantumlcode/Taymindis_fcgi-function.puml
Some diagram description contains errors

Attempt 3: Error in generating PlantUML for https://github.com/Taymindis/fcgi-function/
Error message: java.io.FileNotFoundException: https://raw.githubusercontent.com/awesomeware/plantuml-themes/master/themes/aws/common.puml
	at sun.net.www.protocol.http.HttpURLConnection.getInputStream0(HttpURLConnection.java:1913)
	at sun.net.www.protocol.http.HttpURLConnection.getInputStream(HttpURLConnection.java:1515)
	at sun.net.www.protocol.https.HttpsURLConnectionImpl.getInputStream(HttpsURLConnectionImpl.java:268)
	at java.net.URL.openStream(URL.java:1093)
	at net.sourceforge.plantuml.preproc2.PreprocessorUtils.getReaderIncludeUrl2(PreprocessorUtils.java:122)
	at net.sourceforge.plantuml.tim.TContext.executeInclude(TContext.java:502)
	at net.sourceforge.plantuml.tim.TContext.executeOneLineNotSafe(TContext.java:260)
	at net.sourceforge.plantuml.tim.TContext.executeOneLineSafe(TContext.java:241)
	at net.sourceforge.plantuml.tim.TContext.executeLines(TContext.java:216)
	at net.sourceforge.plantuml.tim.TimLoader.load(TimLoader.java:64)
	at net.sourceforge.plantuml.BlockUml.<init>(BlockUml.java:114)
	at net.sourceforge.plantuml.BlockUmlBuilder.init(BlockUmlBuilder.java:123)
	at net.sourceforge.plantuml.BlockUmlBuilder.<init>(BlockUmlBuilder.java:74)
	at net.sourceforge.plantuml.SourceFileReader.<init>(SourceFileReader.java:89)
	at net.sourceforge.plantuml.Run.manageFileInternal(Run.java:477)
	at net.sourceforge.plantuml.Run.processArgs(Run.java:391)
	at net.sourceforge.plantuml.Run.manageAllFiles(Run.java:359)
	at net.sourceforge.plantuml.Run.main(Run.java:182)
Error line 4 in file: /home/sathvika/codetodiagrams/scripts/gemini_plantumlcode/Taymindis_fcgi-function.puml
Some diagram description contains errors

Failed to generate valid PlantUML for https://github.com/Taymindis/fcgi-function/ after 3 attempts
Attempt 1: Error in generating PlantUML for https://github.com/duanfuxiang0/MysqlMigrationTool/
Error message: java.io.FileNotFoundException: https://raw.githubusercontent.com/tupadr3g/plantuml-icon-font-sprites/master/devicons2/mysql.puml
	at sun.net.www.protocol.http.HttpURLConnection.getInputStream0(HttpURLConnection.java:1913)
	at sun.net.www.protocol.http.HttpURLConnection.getInputStream(HttpURLConnection.java:1515)
	at sun.net.www.protocol.https.HttpsURLConnectionImpl.getInputStream(HttpsURLConnectionImpl.java:268)
	at java.net.URL.openStream(URL.java:1093)
	at net.sourceforge.plantuml.preproc2.PreprocessorUtils.getReaderIncludeUrl2(PreprocessorUtils.java:122)
	at net.sourceforge.plantuml.tim.TContext.executeInclude(TContext.java:502)
	at net.sourceforge.plantuml.tim.TContext.executeOneLineNotSafe(TContext.java:260)
	at net.sourceforge.plantuml.tim.TContext.executeOneLineSafe(TContext.java:241)
	at net.sourceforge.plantuml.tim.TContext.executeLines(TContext.java:216)
	at net.sourceforge.plantuml.tim.TimLoader.load(TimLoader.java:64)
	at net.sourceforge.plantuml.BlockUml.<init>(BlockUml.java:114)
	at net.sourceforge.plantuml.BlockUmlBuilder.init(BlockUmlBuilder.java:123)
	at net.sourceforge.plantuml.BlockUmlBuilder.<init>(BlockUmlBuilder.java:74)
	at net.sourceforge.plantuml.SourceFileReader.<init>(SourceFileReader.java:89)
	at net.sourceforge.plantuml.Run.manageFileInternal(Run.java:477)
	at net.sourceforge.plantuml.Run.processArgs(Run.java:391)
	at net.sourceforge.plantuml.Run.manageAllFiles(Run.java:359)
	at net.sourceforge.plantuml.Run.main(Run.java:182)
Error line 4 in file: /home/sathvika/codetodiagrams/scripts/gemini_plantumlcode/duanfuxiang0_MysqlMigrationTool.puml
Some diagram description contains errors

Successfully processed repo https://github.com/duanfuxiang0/MysqlMigrationTool/
PlantUML diagram generated at gemini_plantumlcode/duanfuxiang0_MysqlMigrationTool.puml
Attempt 1: Error in generating PlantUML for https://github.com/awslabs/benchmark-ai/
Error message: Error line 4 in file: /home/sathvika/codetodiagrams/scripts/gemini_plantumlcode/awslabs_benchmark-ai.puml
Some diagram description contains errors

Attempt 2: Error in generating PlantUML for https://github.com/awslabs/benchmark-ai/
Error message: Error line 14 in file: /home/sathvika/codetodiagrams/scripts/gemini_plantumlcode/awslabs_benchmark-ai.puml
Some diagram description contains errors

Attempt 3: Error in generating PlantUML for https://github.com/awslabs/benchmark-ai/
Error message: Error line 23 in file: /home/sathvika/codetodiagrams/scripts/gemini_plantumlcode/awslabs_benchmark-ai.puml
Some diagram description contains errors

Failed to generate valid PlantUML for https://github.com/awslabs/benchmark-ai/ after 3 attempts
