Successfully processed repo https://github.com/Simon-0711/ta_lyrics_sentiment_classification/
PlantUML diagram generated at plantumlcode/Simon-0711_ta_lyrics_sentiment_classification.puml
Successfully processed repo https://github.com/TinkerWorks/HomeSensorHub/
PlantUML diagram generated at plantumlcode/TinkerWorks_HomeSensorHub.puml
Successfully processed repo https://github.com/ndsev/zswag/
PlantUML diagram generated at plantumlcode/ndsev_zswag.puml
Successfully processed repo https://github.com/OpenPSD/modelbank/
PlantUML diagram generated at plantumlcode/OpenPSD_modelbank.puml
Successfully processed repo https://github.com/ballerina-platform/asyncapi-tools/
PlantUML diagram generated at plantumlcode/ballerina-platform_asyncapi-tools.puml
Successfully processed repo https://github.com/quasirsg/Henry-M3/
PlantUML diagram generated at plantumlcode/quasirsg_Henry-M3.puml
Successfully processed repo https://github.com/inovex/scrumlr.io/
PlantUML diagram generated at plantumlcode/inovex_scrumlr.io.puml
Successfully processed repo https://github.com/s-sokolko/smev3_adapter_service/
PlantUML diagram generated at plantumlcode/s-sokolko_smev3_adapter_service.puml
Successfully processed repo https://github.com/EOS-Nation/dfuse-docs/
PlantUML diagram generated at plantumlcode/EOS-Nation_dfuse-docs.puml
Successfully processed repo https://github.com/IBM/IBM-Spectrum-Scale-Security-Posture/
PlantUML diagram generated at plantumlcode/IBM_IBM-Spectrum-Scale-Security-Posture.puml
Successfully processed repo https://github.com/matryx/MatryxPlatform/
PlantUML diagram generated at plantumlcode/matryx_MatryxPlatform.puml
Successfully processed repo https://github.com/batatero/arquiteturaPHP00/
PlantUML diagram generated at plantumlcode/batatero_arquiteturaPHP00.puml
Successfully processed repo https://github.com/Taymindis/fcgi-function/
PlantUML diagram generated at plantumlcode/Taymindis_fcgi-function.puml
Successfully processed repo https://github.com/duanfuxiang0/MysqlMigrationTool/
PlantUML diagram generated at plantumlcode/duanfuxiang0_MysqlMigrationTool.puml
Successfully processed repo https://github.com/awslabs/benchmark-ai/
PlantUML diagram generated at plantumlcode/awslabs_benchmark-ai.puml
Successfully processed repo https://github.com/Simon-0711/ta_lyrics_sentiment_classification/
PlantUML diagram generated at plantumlcode/Simon-0711_ta_lyrics_sentiment_classification.puml
Successfully processed repo https://github.com/TinkerWorks/HomeSensorHub/
PlantUML diagram generated at plantumlcode/TinkerWorks_HomeSensorHub.puml
Attempt 1: Error in generating PlantUML for https://github.com/ndsev/zswag/
Error message: Error line 4 in file: /home/sathvika/CodeToDiagram/scripts/plantumlcode/ndsev_zswag.puml
Some diagram description contains errors

Attempt 2: Error in generating PlantUML for https://github.com/ndsev/zswag/
Error message: Error line 3 in file: /home/sathvika/CodeToDiagram/scripts/plantumlcode/ndsev_zswag.puml
Some diagram description contains errors

Attempt 3: Error in generating PlantUML for https://github.com/ndsev/zswag/
Error message: Error line 3 in file: /home/sathvika/CodeToDiagram/scripts/plantumlcode/ndsev_zswag.puml
Some diagram description contains errors

Failed to generate valid PlantUML for https://github.com/ndsev/zswag/ after 3 attempts
Successfully processed repo https://github.com/OpenPSD/modelbank/
PlantUML diagram generated at plantumlcode/OpenPSD_modelbank.puml
Successfully processed repo https://github.com/ballerina-platform/asyncapi-tools/
PlantUML diagram generated at plantumlcode/ballerina-platform_asyncapi-tools.puml
Attempt 1: Error in generating PlantUML for https://github.com/quasirsg/Henry-M3/
Error message: Error line 1 in file: /home/sathvika/CodeToDiagram/scripts/plantumlcode/quasirsg_Henry-M3.puml
Some diagram description contains errors

Attempt 2: Error in generating PlantUML for https://github.com/quasirsg/Henry-M3/
Error message: Error line 1 in file: /home/sathvika/CodeToDiagram/scripts/plantumlcode/quasirsg_Henry-M3.puml
Some diagram description contains errors

Attempt 3: Error in generating PlantUML for https://github.com/quasirsg/Henry-M3/
Error message: Error line 1 in file: /home/sathvika/CodeToDiagram/scripts/plantumlcode/quasirsg_Henry-M3.puml
Some diagram description contains errors

Failed to generate valid PlantUML for https://github.com/quasirsg/Henry-M3/ after 3 attempts
Successfully processed repo https://github.com/inovex/scrumlr.io/
PlantUML diagram generated at plantumlcode/inovex_scrumlr.io.puml
Attempt 1: Error in generating PlantUML for https://github.com/s-sokolko/smev3_adapter_service/
Error message: Error line 18 in file: /home/sathvika/CodeToDiagram/scripts/plantumlcode/s-sokolko_smev3_adapter_service.puml
Some diagram description contains errors

Attempt 2: Error in generating PlantUML for https://github.com/s-sokolko/smev3_adapter_service/
Error message: Error line 10 in file: /home/sathvika/CodeToDiagram/scripts/plantumlcode/s-sokolko_smev3_adapter_service.puml
Some diagram description contains errors

Successfully processed repo https://github.com/s-sokolko/smev3_adapter_service/
PlantUML diagram generated at plantumlcode/s-sokolko_smev3_adapter_service.puml
Successfully processed repo https://github.com/EOS-Nation/dfuse-docs/
PlantUML diagram generated at plantumlcode/EOS-Nation_dfuse-docs.puml
Successfully processed repo https://github.com/IBM/IBM-Spectrum-Scale-Security-Posture/
PlantUML diagram generated at plantumlcode/IBM_IBM-Spectrum-Scale-Security-Posture.puml
Successfully processed repo https://github.com/matryx/MatryxPlatform/
PlantUML diagram generated at plantumlcode/matryx_MatryxPlatform.puml
Successfully processed repo https://github.com/batatero/arquiteturaPHP00/
PlantUML diagram generated at plantumlcode/batatero_arquiteturaPHP00.puml
Successfully processed repo https://github.com/Taymindis/fcgi-function/
PlantUML diagram generated at plantumlcode/Taymindis_fcgi-function.puml
Successfully processed repo https://github.com/duanfuxiang0/MysqlMigrationTool/
PlantUML diagram generated at plantumlcode/duanfuxiang0_MysqlMigrationTool.puml
Successfully processed repo https://github.com/awslabs/benchmark-ai/
PlantUML diagram generated at plantumlcode/awslabs_benchmark-ai.puml
Successfully processed repo https://github.com/Simon-0711/ta_lyrics_sentiment_classification/
PlantUML diagram generated at plantumlcode/Simon-0711_ta_lyrics_sentiment_classification.puml
Attempt 1: Error in generating PlantUML for https://github.com/TinkerWorks/HomeSensorHub/
Error message: Error line 5 in file: /home/sathvika/CodeToDiagram/scripts/plantumlcode/TinkerWorks_HomeSensorHub.puml
Some diagram description contains errors

Attempt 2: Error in generating PlantUML for https://github.com/TinkerWorks/HomeSensorHub/
Error message: Error line 5 in file: /home/sathvika/CodeToDiagram/scripts/plantumlcode/TinkerWorks_HomeSensorHub.puml
Some diagram description contains errors

Successfully processed repo https://github.com/TinkerWorks/HomeSensorHub/
PlantUML diagram generated at plantumlcode/TinkerWorks_HomeSensorHub.puml
Successfully processed repo https://github.com/ndsev/zswag/
PlantUML diagram generated at plantumlcode/ndsev_zswag.puml
Attempt 1: Error in generating PlantUML for https://github.com/OpenPSD/modelbank/
Error message: Error line 36 in file: /home/sathvika/CodeToDiagram/scripts/plantumlcode/OpenPSD_modelbank.puml
Some diagram description contains errors

Successfully processed repo https://github.com/OpenPSD/modelbank/
PlantUML diagram generated at plantumlcode/OpenPSD_modelbank.puml
Attempt 1: Error in generating PlantUML for https://github.com/ballerina-platform/asyncapi-tools/
Error message: Error line 14 in file: /home/sathvika/CodeToDiagram/scripts/plantumlcode/ballerina-platform_asyncapi-tools.puml
Some diagram description contains errors

Attempt 2: Error in generating PlantUML for https://github.com/ballerina-platform/asyncapi-tools/
Error message: Error line 13 in file: /home/sathvika/CodeToDiagram/scripts/plantumlcode/ballerina-platform_asyncapi-tools.puml
Some diagram description contains errors

Successfully processed repo https://github.com/ballerina-platform/asyncapi-tools/
PlantUML diagram generated at plantumlcode/ballerina-platform_asyncapi-tools.puml
Successfully processed repo https://github.com/quasirsg/Henry-M3/
PlantUML diagram generated at plantumlcode/quasirsg_Henry-M3.puml
Successfully processed repo https://github.com/inovex/scrumlr.io/
PlantUML diagram generated at plantumlcode/inovex_scrumlr.io.puml
Successfully processed repo https://github.com/s-sokolko/smev3_adapter_service/
PlantUML diagram generated at plantumlcode/s-sokolko_smev3_adapter_service.puml
Successfully processed repo https://github.com/EOS-Nation/dfuse-docs/
PlantUML diagram generated at plantumlcode/EOS-Nation_dfuse-docs.puml
Successfully processed repo https://github.com/IBM/IBM-Spectrum-Scale-Security-Posture/
PlantUML diagram generated at plantumlcode/IBM_IBM-Spectrum-Scale-Security-Posture.puml
Successfully processed repo https://github.com/matryx/MatryxPlatform/
PlantUML diagram generated at plantumlcode/matryx_MatryxPlatform.puml
Successfully processed repo https://github.com/batatero/arquiteturaPHP00/
PlantUML diagram generated at plantumlcode/batatero_arquiteturaPHP00.puml
Attempt 1: Error in generating PlantUML for https://github.com/Taymindis/fcgi-function/
Error message: Error line 28 in file: /home/sathvika/CodeToDiagram/scripts/plantumlcode/Taymindis_fcgi-function.puml
Some diagram description contains errors

Successfully processed repo https://github.com/Taymindis/fcgi-function/
PlantUML diagram generated at plantumlcode/Taymindis_fcgi-function.puml
Successfully processed repo https://github.com/duanfuxiang0/MysqlMigrationTool/
PlantUML diagram generated at plantumlcode/duanfuxiang0_MysqlMigrationTool.puml
Successfully processed repo https://github.com/awslabs/benchmark-ai/
PlantUML diagram generated at plantumlcode/awslabs_benchmark-ai.puml
